<?xml version="1.0" encoding="UTF-8"?>
<testsuite name="com.example.demo.DemoCloudUserApplicationTests" time="0.012" tests="1" errors="1" skipped="0" failures="0">
  <properties>
[...]
</properties>
  <testcase name="contextLoads" classname="com.example.demo.DemoCloudUserApplicationTests" time="0.012">
    <error message="Failed to load ApplicationContext" type="java.lang.IllegalStateException"><![CDATA[java.lang.IllegalStateException: Failed to load ApplicationContext
	at org.springframework.test.context.cache.DefaultCacheAwareContextLoaderDelegate.loadContext(DefaultCacheAwareContextLoaderDelegate.java:124)
	at org.springframework.test.context.support.DefaultTestContext.getApplicationContext(DefaultTestContext.java:83)
	at org.springframework.test.context.web.ServletTestExecutionListener.setUpRequestContextIfNecessary(ServletTestExecutionListener.java:189)
	at org.springframework.test.context.web.ServletTestExecutionListener.prepareTestInstance(ServletTestExecutionListener.java:131)
	at org.springframework.test.context.TestContextManager.prepareTestInstance(TestContextManager.java:230)
	at org.springframework.test.context.junit4.SpringJUnit4ClassRunner.createTest(SpringJUnit4ClassRunner.java:228)
	at org.springframework.test.context.junit4.SpringJUnit4ClassRunner$1.runReflectiveCall(SpringJUnit4ClassRunner.java:287)
	at org.junit.internal.runners.model.ReflectiveCallable.run(ReflectiveCallable.java:12)
	at org.springframework.test.context.junit4.SpringJUnit4ClassRunner.methodBlock(SpringJUnit4ClassRunner.java:289)
	at org.springframework.test.context.junit4.SpringJUnit4ClassRunner.runChild(SpringJUnit4ClassRunner.java:247)
	at org.springframework.test.context.junit4.SpringJUnit4ClassRunner.runChild(SpringJUnit4ClassRunner.java:94)
	at org.junit.runners.ParentRunner$3.run(ParentRunner.java:290)
	at org.junit.runners.ParentRunner$1.schedule(ParentRunner.java:71)
	at org.junit.runners.ParentRunner.runChildren(ParentRunner.java:288)
	at org.junit.runners.ParentRunner.access$000(ParentRunner.java:58)
	at org.junit.runners.ParentRunner$2.evaluate(ParentRunner.java:268)
	at org.springframework.test.context.junit4.statements.RunBeforeTestClassCallbacks.evaluate(RunBeforeTestClassCallbacks.java:61)
	at org.springframework.test.context.junit4.statements.RunAfterTestClassCallbacks.evaluate(RunAfterTestClassCallbacks.java:70)
	at org.junit.runners.ParentRunner.run(ParentRunner.java:363)
	at org.springframework.test.context.junit4.SpringJUnit4ClassRunner.run(SpringJUnit4ClassRunner.java:191)
	at org.apache.maven.surefire.junit4.JUnit4Provider.execute(JUnit4Provider.java:283)
	at org.apache.maven.surefire.junit4.JUnit4Provider.executeWithRerun(JUnit4Provider.java:173)
	at org.apache.maven.surefire.junit4.JUnit4Provider.executeTestSet(JUnit4Provider.java:153)
	at org.apache.maven.surefire.junit4.JUnit4Provider.invoke(JUnit4Provider.java:128)
	at org.apache.maven.surefire.booter.ForkedBooter.invokeProviderInSameClassLoader(ForkedBooter.java:203)
	at org.apache.maven.surefire.booter.ForkedBooter.runSuitesInProcess(ForkedBooter.java:155)
	at org.apache.maven.surefire.booter.ForkedBooter.main(ForkedBooter.java:103)
Caused by: org.springframework.beans.factory.BeanCreationException: Error creating bean with name 'entityManagerFactory' defined in class path resource [org/springframework/boot/autoconfigure/orm/jpa/HibernateJpaAutoConfiguration.class]: Invocation of init method failed; nested exception is java.lang.NoClassDefFoundError: javax/xml/bind/JAXBException
	at org.springframework.beans.factory.support.AbstractAutowireCapableBeanFactory.initializeBean(AbstractAutowireCapableBeanFactory.java:1628)
	at org.springframework.beans.factory.support.AbstractAutowireCapableBeanFactory.doCreateBean(AbstractAutowireCapableBeanFactory.java:555)
	at org.springframework.beans.factory.support.AbstractAutowireCapableBeanFactory.createBean(AbstractAutowireCapableBeanFactory.java:483)
	at org.springframework.beans.factory.support.AbstractBeanFactory$1.getObject(AbstractBeanFactory.java:306)
	at org.springframework.beans.factory.support.DefaultSingletonBeanRegistry.getSingleton(DefaultSingletonBeanRegistry.java:230)
	at org.springframework.beans.factory.support.AbstractBeanFactory.doGetBean(AbstractBeanFactory.java:302)
	at org.springframework.beans.factory.support.AbstractBeanFactory.getBean(AbstractBeanFactory.java:197)
	at org.springframework.context.support.AbstractApplicationContext.getBean(AbstractApplicationContext.java:1080)
	at org.springframework.context.support.AbstractApplicationContext.finishBeanFactoryInitialization(AbstractApplicationContext.java:857)
	at org.springframework.context.support.AbstractApplicationContext.refresh(AbstractApplicationContext.java:543)
	at org.springframework.boot.SpringApplication.refresh(SpringApplication.java:693)
	at org.springframework.boot.SpringApplication.refreshContext(SpringApplication.java:360)
	at org.springframework.boot.SpringApplication.run(SpringApplication.java:303)
	at org.springframework.boot.test.context.SpringBootContextLoader.loadContext(SpringBootContextLoader.java:120)
	at org.springframework.test.context.cache.DefaultCacheAwareContextLoaderDelegate.loadContextInternal(DefaultCacheAwareContextLoaderDelegate.java:98)
	at org.springframework.test.context.cache.DefaultCacheAwareContextLoaderDelegate.loadContext(DefaultCacheAwareContextLoaderDelegate.java:116)
	at org.springframework.test.context.support.DefaultTestContext.getApplicationContext(DefaultTestContext.java:83)
	at org.springframework.test.context.web.ServletTestExecutionListener.setUpRequestContextIfNecessary(ServletTestExecutionListener.java:189)
	at org.springframework.test.context.web.ServletTestExecutionListener.prepareTestInstance(ServletTestExecutionListener.java:131)
	at org.springframework.test.context.TestContextManager.prepareTestInstance(TestContextManager.java:230)
	at org.springframework.test.context.junit4.SpringJUnit4ClassRunner.createTest(SpringJUnit4ClassRunner.java:228)
	at org.springframework.test.context.junit4.SpringJUnit4ClassRunner$1.runReflectiveCall(SpringJUnit4ClassRunner.java:287)
	at org.junit.internal.runners.model.ReflectiveCallable.run(ReflectiveCallable.java:12)
	at org.springframework.test.context.junit4.SpringJUnit4ClassRunner.methodBlock(SpringJUnit4ClassRunner.java:289)
	at org.springframework.test.context.junit4.SpringJUnit4ClassRunner.runChild(SpringJUnit4ClassRunner.java:247)
	at org.springframework.test.context.junit4.SpringJUnit4ClassRunner.runChild(SpringJUnit4ClassRunner.java:94)
	at org.junit.runners.ParentRunner$3.run(ParentRunner.java:290)
	at org.junit.runners.ParentRunner$1.schedule(ParentRunner.java:71)
	at org.junit.runners.ParentRunner.runChildren(ParentRunner.java:288)
	at org.junit.runners.ParentRunner.access$000(ParentRunner.java:58)
	at org.junit.runners.ParentRunner$2.evaluate(ParentRunner.java:268)
	at org.springframework.test.context.junit4.statements.RunBeforeTestClassCallbacks.evaluate(RunBeforeTestClassCallbacks.java:61)
	at org.springframework.test.context.junit4.statements.RunAfterTestClassCallbacks.evaluate(RunAfterTestClassCallbacks.java:70)
	at org.junit.runners.ParentRunner.run(ParentRunner.java:363)
	at org.springframework.test.context.junit4.SpringJUnit4ClassRunner.run(SpringJUnit4ClassRunner.java:191)
	at org.apache.maven.surefire.junit4.JUnit4Provider.execute(JUnit4Provider.java:283)
	at org.apache.maven.surefire.junit4.JUnit4Provider.executeWithRerun(JUnit4Provider.java:173)
	at org.apache.maven.surefire.junit4.JUnit4Provider.executeTestSet(JUnit4Provider.java:153)
	at org.apache.maven.surefire.junit4.JUnit4Provider.invoke(JUnit4Provider.java:128)
	at org.apache.maven.surefire.booter.ForkedBooter.invokeProviderInSameClassLoader(ForkedBooter.java:203)
	at org.apache.maven.surefire.booter.ForkedBooter.runSuitesInProcess(ForkedBooter.java:155)
	at org.apache.maven.surefire.booter.ForkedBooter.main(ForkedBooter.java:103)
Caused by: java.lang.NoClassDefFoundError: javax/xml/bind/JAXBException
	at org.hibernate.boot.spi.XmlMappingBinderAccess.<init>(XmlMappingBinderAccess.java:43)
	at org.hibernate.boot.MetadataSources.<init>(MetadataSources.java:87)
	at org.hibernate.jpa.boot.internal.EntityManagerFactoryBuilderImpl.<init>(EntityManagerFactoryBuilderImpl.java:179)
	at org.hibernate.jpa.boot.internal.EntityManagerFactoryBuilderImpl.<init>(EntityManagerFactoryBuilderImpl.java:149)
	at org.springframework.orm.jpa.vendor.SpringHibernateJpaPersistenceProvider.createContainerEntityManagerFactory(SpringHibernateJpaPersistenceProvider.java:54)
	at org.springframework.orm.jpa.LocalContainerEntityManagerFactoryBean.createNativeEntityManagerFactory(LocalContainerEntityManagerFactoryBean.java:360)
	at org.springframework.orm.jpa.AbstractEntityManagerFactoryBean.buildNativeEntityManagerFactory(AbstractEntityManagerFactoryBean.java:382)
	at org.springframework.orm.jpa.AbstractEntityManagerFactoryBean.afterPropertiesSet(AbstractEntityManagerFactoryBean.java:371)
	at org.springframework.orm.jpa.LocalContainerEntityManagerFactoryBean.afterPropertiesSet(LocalContainerEntityManagerFactoryBean.java:336)
	at org.springframework.beans.factory.support.AbstractAutowireCapableBeanFactory.invokeInitMethods(AbstractAutowireCapableBeanFactory.java:1687)
	at org.springframework.beans.factory.support.AbstractAutowireCapableBeanFactory.initializeBean(AbstractAutowireCapableBeanFactory.java:1624)
	at org.springframework.beans.factory.support.AbstractAutowireCapableBeanFactory.doCreateBean(AbstractAutowireCapableBeanFactory.java:555)
	at org.springframework.beans.factory.support.AbstractAutowireCapableBeanFactory.createBean(AbstractAutowireCapableBeanFactory.java:483)
	at org.springframework.beans.factory.support.AbstractBeanFactory$1.getObject(AbstractBeanFactory.java:306)
	at org.springframework.beans.factory.support.DefaultSingletonBeanRegistry.getSingleton(DefaultSingletonBeanRegistry.java:230)
	at org.springframework.beans.factory.support.AbstractBeanFactory.doGetBean(AbstractBeanFactory.java:302)
	at org.springframework.beans.factory.support.AbstractBeanFactory.getBean(AbstractBeanFactory.java:197)
	at org.springframework.context.support.AbstractApplicationContext.getBean(AbstractApplicationContext.java:1080)
	at org.springframework.context.support.AbstractApplicationContext.finishBeanFactoryInitialization(AbstractApplicationContext.java:857)
	at org.springframework.context.support.AbstractApplicationContext.refresh(AbstractApplicationContext.java:543)
	at org.springframework.boot.SpringApplication.refresh(SpringApplication.java:693)
	at org.springframework.boot.SpringApplication.refreshContext(SpringApplication.java:360)
	at org.springframework.boot.SpringApplication.run(SpringApplication.java:303)
	at org.springframework.boot.test.context.SpringBootContextLoader.loadContext(SpringBootContextLoader.java:120)
	at org.springframework.test.context.cache.DefaultCacheAwareContextLoaderDelegate.loadContextInternal(DefaultCacheAwareContextLoaderDelegate.java:98)
	at org.springframework.test.context.cache.DefaultCacheAwareContextLoaderDelegate.loadContext(DefaultCacheAwareContextLoaderDelegate.java:116)
	at org.springframework.test.context.support.DefaultTestContext.getApplicationContext(DefaultTestContext.java:83)
	at org.springframework.test.context.web.ServletTestExecutionListener.setUpRequestContextIfNecessary(ServletTestExecutionListener.java:189)
	at org.springframework.test.context.web.ServletTestExecutionListener.prepareTestInstance(ServletTestExecutionListener.java:131)
	at org.springframework.test.context.TestContextManager.prepareTestInstance(TestContextManager.java:230)
	at org.springframework.test.context.junit4.SpringJUnit4ClassRunner.createTest(SpringJUnit4ClassRunner.java:228)
	at org.springframework.test.context.junit4.SpringJUnit4ClassRunner$1.runReflectiveCall(SpringJUnit4ClassRunner.java:287)
	at org.junit.internal.runners.model.ReflectiveCallable.run(ReflectiveCallable.java:12)
	at org.springframework.test.context.junit4.SpringJUnit4ClassRunner.methodBlock(SpringJUnit4ClassRunner.java:289)
	at org.springframework.test.context.junit4.SpringJUnit4ClassRunner.runChild(SpringJUnit4ClassRunner.java:247)
	at org.springframework.test.context.junit4.SpringJUnit4ClassRunner.runChild(SpringJUnit4ClassRunner.java:94)
	at org.junit.runners.ParentRunner$3.run(ParentRunner.java:290)
	at org.junit.runners.ParentRunner$1.schedule(ParentRunner.java:71)
	at org.junit.runners.ParentRunner.runChildren(ParentRunner.java:288)
	at org.junit.runners.ParentRunner.access$000(ParentRunner.java:58)
	at org.junit.runners.ParentRunner$2.evaluate(ParentRunner.java:268)
	at org.springframework.test.context.junit4.statements.RunBeforeTestClassCallbacks.evaluate(RunBeforeTestClassCallbacks.java:61)
	at org.springframework.test.context.junit4.statements.RunAfterTestClassCallbacks.evaluate(RunAfterTestClassCallbacks.java:70)
	at org.junit.runners.ParentRunner.run(ParentRunner.java:363)
	at org.springframework.test.context.junit4.SpringJUnit4ClassRunner.run(SpringJUnit4ClassRunner.java:191)
	at org.apache.maven.surefire.junit4.JUnit4Provider.execute(JUnit4Provider.java:283)
	at org.apache.maven.surefire.junit4.JUnit4Provider.executeWithRerun(JUnit4Provider.java:173)
	at org.apache.maven.surefire.junit4.JUnit4Provider.executeTestSet(JUnit4Provider.java:153)
	at org.apache.maven.surefire.junit4.JUnit4Provider.invoke(JUnit4Provider.java:128)
	at org.apache.maven.surefire.booter.ForkedBooter.invokeProviderInSameClassLoader(ForkedBooter.java:203)
	at org.apache.maven.surefire.booter.ForkedBooter.runSuitesInProcess(ForkedBooter.java:155)
	at org.apache.maven.surefire.booter.ForkedBooter.main(ForkedBooter.java:103)
Caused by: java.lang.ClassNotFoundException: javax.xml.bind.JAXBException
	at java.base/jdk.internal.loader.BuiltinClassLoader.loadClass(BuiltinClassLoader.java:583)
	at java.base/jdk.internal.loader.ClassLoaders$AppClassLoader.loadClass(ClassLoaders.java:178)
	at java.base/java.lang.ClassLoader.loadClass(ClassLoader.java:521)
	at org.hibernate.boot.spi.XmlMappingBinderAccess.<init>(XmlMappingBinderAccess.java:43)
	at org.hibernate.boot.MetadataSources.<init>(MetadataSources.java:87)
	at org.hibernate.jpa.boot.internal.EntityManagerFactoryBuilderImpl.<init>(EntityManagerFactoryBuilderImpl.java:179)
	at org.hibernate.jpa.boot.internal.EntityManagerFactoryBuilderImpl.<init>(EntityManagerFactoryBuilderImpl.java:149)
	at org.springframework.orm.jpa.vendor.SpringHibernateJpaPersistenceProvider.createContainerEntityManagerFactory(SpringHibernateJpaPersistenceProvider.java:54)
	at org.springframework.orm.jpa.LocalContainerEntityManagerFactoryBean.createNativeEntityManagerFactory(LocalContainerEntityManagerFactoryBean.java:360)
	at org.springframework.orm.jpa.AbstractEntityManagerFactoryBean.buildNativeEntityManagerFactory(AbstractEntityManagerFactoryBean.java:382)
	at org.springframework.orm.jpa.AbstractEntityManagerFactoryBean.afterPropertiesSet(AbstractEntityManagerFactoryBean.java:371)
	at org.springframework.orm.jpa.LocalContainerEntityManagerFactoryBean.afterPropertiesSet(LocalContainerEntityManagerFactoryBean.java:336)
	at org.springframework.beans.factory.support.AbstractAutowireCapableBeanFactory.invokeInitMethods(AbstractAutowireCapableBeanFactory.java:1687)
	at org.springframework.beans.factory.support.AbstractAutowireCapableBeanFactory.initializeBean(AbstractAutowireCapableBeanFactory.java:1624)
	at org.springframework.beans.factory.support.AbstractAutowireCapableBeanFactory.doCreateBean(AbstractAutowireCapableBeanFactory.java:555)
	at org.springframework.beans.factory.support.AbstractAutowireCapableBeanFactory.createBean(AbstractAutowireCapableBeanFactory.java:483)
	at org.springframework.beans.factory.support.AbstractBeanFactory$1.getObject(AbstractBeanFactory.java:306)
	at org.springframework.beans.factory.support.DefaultSingletonBeanRegistry.getSingleton(DefaultSingletonBeanRegistry.java:230)
	at org.springframework.beans.factory.support.AbstractBeanFactory.doGetBean(AbstractBeanFactory.java:302)
	at org.springframework.beans.factory.support.AbstractBeanFactory.getBean(AbstractBeanFactory.java:197)
	at org.springframework.context.support.AbstractApplicationContext.getBean(AbstractApplicationContext.java:1080)
	at org.springframework.context.support.AbstractApplicationContext.finishBeanFactoryInitialization(AbstractApplicationContext.java:857)
	at org.springframework.context.support.AbstractApplicationContext.refresh(AbstractApplicationContext.java:543)
	at org.springframework.boot.SpringApplication.refresh(SpringApplication.java:693)
	at org.springframework.boot.SpringApplication.refreshContext(SpringApplication.java:360)
	at org.springframework.boot.SpringApplication.run(SpringApplication.java:303)
	at org.springframework.boot.test.context.SpringBootContextLoader.loadContext(SpringBootContextLoader.java:120)
	at org.springframework.test.context.cache.DefaultCacheAwareContextLoaderDelegate.loadContextInternal(DefaultCacheAwareContextLoaderDelegate.java:98)
	at org.springframework.test.context.cache.DefaultCacheAwareContextLoaderDelegate.loadContext(DefaultCacheAwareContextLoaderDelegate.java:116)
	at org.springframework.test.context.support.DefaultTestContext.getApplicationContext(DefaultTestContext.java:83)
	at org.springframework.test.context.web.ServletTestExecutionListener.setUpRequestContextIfNecessary(ServletTestExecutionListener.java:189)
	at org.springframework.test.context.web.ServletTestExecutionListener.prepareTestInstance(ServletTestExecutionListener.java:131)
	at org.springframework.test.context.TestContextManager.prepareTestInstance(TestContextManager.java:230)
	at org.springframework.test.context.junit4.SpringJUnit4ClassRunner.createTest(SpringJUnit4ClassRunner.java:228)
	at org.springframework.test.context.junit4.SpringJUnit4ClassRunner$1.runReflectiveCall(SpringJUnit4ClassRunner.java:287)
	at org.junit.internal.runners.model.ReflectiveCallable.run(ReflectiveCallable.java:12)
	at org.springframework.test.context.junit4.SpringJUnit4ClassRunner.methodBlock(SpringJUnit4ClassRunner.java:289)
	at org.springframework.test.context.junit4.SpringJUnit4ClassRunner.runChild(SpringJUnit4ClassRunner.java:247)
	at org.springframework.test.context.junit4.SpringJUnit4ClassRunner.runChild(SpringJUnit4ClassRunner.java:94)
	at org.junit.runners.ParentRunner$3.run(ParentRunner.java:290)
	at org.junit.runners.ParentRunner$1.schedule(ParentRunner.java:71)
	at org.junit.runners.ParentRunner.runChildren(ParentRunner.java:288)
	at org.junit.runners.ParentRunner.access$000(ParentRunner.java:58)
	at org.junit.runners.ParentRunner$2.evaluate(ParentRunner.java:268)
	at org.springframework.test.context.junit4.statements.RunBeforeTestClassCallbacks.evaluate(RunBeforeTestClassCallbacks.java:61)
	at org.springframework.test.context.junit4.statements.RunAfterTestClassCallbacks.evaluate(RunAfterTestClassCallbacks.java:70)
	at org.junit.runners.ParentRunner.run(ParentRunner.java:363)
	at org.springframework.test.context.junit4.SpringJUnit4ClassRunner.run(SpringJUnit4ClassRunner.java:191)
	at org.apache.maven.surefire.junit4.JUnit4Provider.execute(JUnit4Provider.java:283)
	at org.apache.maven.surefire.junit4.JUnit4Provider.executeWithRerun(JUnit4Provider.java:173)
	at org.apache.maven.surefire.junit4.JUnit4Provider.executeTestSet(JUnit4Provider.java:153)
	at org.apache.maven.surefire.junit4.JUnit4Provider.invoke(JUnit4Provider.java:128)
	at org.apache.maven.surefire.booter.ForkedBooter.invokeProviderInSameClassLoader(ForkedBooter.java:203)
	at org.apache.maven.surefire.booter.ForkedBooter.runSuitesInProcess(ForkedBooter.java:155)
	at org.apache.maven.surefire.booter.ForkedBooter.main(ForkedBooter.java:103)
]]></error>
    <system-out><![CDATA[00:40:41.920 [main] DEBUG org.springframework.test.context.junit4.SpringJUnit4ClassRunner - SpringJUnit4ClassRunner constructor called with [class com.example.demo.DemoCloudUserApplicationTests]
00:40:41.941 [main] DEBUG org.springframework.test.context.BootstrapUtils - Instantiating CacheAwareContextLoaderDelegate from class [org.springframework.test.context.cache.DefaultCacheAwareContextLoaderDelegate]
00:40:41.949 [main] DEBUG org.springframework.test.context.BootstrapUtils - Instantiating BootstrapContext using constructor [public org.springframework.test.context.support.DefaultBootstrapContext(java.lang.Class,org.springframework.test.context.CacheAwareContextLoaderDelegate)]
00:40:41.967 [main] DEBUG org.springframework.test.context.BootstrapUtils - Instantiating TestContextBootstrapper for test class [com.example.demo.DemoCloudUserApplicationTests] from class [org.springframework.boot.test.context.SpringBootTestContextBootstrapper]
00:40:41.980 [main] INFO org.springframework.boot.test.context.SpringBootTestContextBootstrapper - Neither @ContextConfiguration nor @ContextHierarchy found for test class [com.example.demo.DemoCloudUserApplicationTests], using SpringBootContextLoader
00:40:41.985 [main] DEBUG org.springframework.test.context.support.AbstractContextLoader - Did not detect default resource location for test class [com.example.demo.DemoCloudUserApplicationTests]: class path resource [com/example/demo/DemoCloudUserApplicationTests-context.xml] does not exist
00:40:41.986 [main] DEBUG org.springframework.test.context.support.AbstractContextLoader - Did not detect default resource location for test class [com.example.demo.DemoCloudUserApplicationTests]: class path resource [com/example/demo/DemoCloudUserApplicationTestsContext.groovy] does not exist
00:40:41.986 [main] INFO org.springframework.test.context.support.AbstractContextLoader - Could not detect default resource locations for test class [com.example.demo.DemoCloudUserApplicationTests]: no resource found for suffixes {-context.xml, Context.groovy}.
00:40:41.987 [main] INFO org.springframework.test.context.support.AnnotationConfigContextLoaderUtils - Could not detect default configuration classes for test class [com.example.demo.DemoCloudUserApplicationTests]: DemoCloudUserApplicationTests does not declare any static, non-private, non-final, nested classes annotated with @Configuration.
00:40:42.026 [main] DEBUG org.springframework.test.context.support.ActiveProfilesUtils - Could not find an 'annotation declaring class' for annotation type [org.springframework.test.context.ActiveProfiles] and class [com.example.demo.DemoCloudUserApplicationTests]
00:40:42.043 [main] DEBUG org.springframework.core.env.StandardEnvironment - Adding PropertySource 'systemProperties' with lowest search precedence
00:40:42.044 [main] DEBUG org.springframework.core.env.StandardEnvironment - Adding PropertySource 'systemEnvironment' with lowest search precedence
00:40:42.045 [main] DEBUG org.springframework.core.env.StandardEnvironment - Initialized StandardEnvironment with PropertySources [MapPropertySource@1139700454 {name='systemProperties', properties={sun.desktop=gnome, awt.toolkit=sun.awt.X11.XToolkit, java.specification.version=11, sun.cpu.isalist=, sun.jnu.encoding=UTF-8, java.class.path=/root/eclipse-workspace/demo-cloud-user/target/test-classes:/root/eclipse-workspace/demo-cloud-user/target/classes:/opt/maven/warehouse/org/springframework/boot/spring-boot-starter-actuator/1.5.9.RELEASE/spring-boot-starter-actuator-1.5.9.RELEASE.jar:/opt/maven/warehouse/org/springframework/boot/spring-boot-starter/1.5.9.RELEASE/spring-boot-starter-1.5.9.RELEASE.jar:/opt/maven/warehouse/org/springframework/boot/spring-boot/1.5.9.RELEASE/spring-boot-1.5.9.RELEASE.jar:/opt/maven/warehouse/org/springframework/boot/spring-boot-autoconfigure/1.5.9.RELEASE/spring-boot-autoconfigure-1.5.9.RELEASE.jar:/opt/maven/warehouse/org/springframework/boot/spring-boot-starter-logging/1.5.9.RELEASE/spring-boot-starter-logging-1.5.9.RELEASE.jar:/opt/maven/warehouse/ch/qos/logback/logback-classic/1.1.11/logback-classic-1.1.11.jar:/opt/maven/warehouse/ch/qos/logback/logback-core/1.1.11/logback-core-1.1.11.jar:/opt/maven/warehouse/org/slf4j/jul-to-slf4j/1.7.25/jul-to-slf4j-1.7.25.jar:/opt/maven/warehouse/org/slf4j/log4j-over-slf4j/1.7.25/log4j-over-slf4j-1.7.25.jar:/opt/maven/warehouse/org/yaml/snakeyaml/1.17/snakeyaml-1.17.jar:/opt/maven/warehouse/org/springframework/boot/spring-boot-actuator/1.5.9.RELEASE/spring-boot-actuator-1.5.9.RELEASE.jar:/opt/maven/warehouse/org/springframework/spring-context/4.3.13.RELEASE/spring-context-4.3.13.RELEASE.jar:/opt/maven/warehouse/org/springframework/boot/spring-boot-starter-web/1.5.9.RELEASE/spring-boot-starter-web-1.5.9.RELEASE.jar:/opt/maven/warehouse/org/springframework/boot/spring-boot-starter-tomcat/1.5.9.RELEASE/spring-boot-starter-tomcat-1.5.9.RELEASE.jar:/opt/maven/warehouse/org/apache/tomcat/embed/tomcat-embed-core/8.5.23/tomcat-embed-core-8.5.23.jar:/opt/maven/warehouse/org/apache/tomcat/tomcat-annotations-api/8.5.23/tomcat-annotations-api-8.5.23.jar:/opt/maven/warehouse/org/apache/tomcat/embed/tomcat-embed-el/8.5.23/tomcat-embed-el-8.5.23.jar:/opt/maven/warehouse/org/apache/tomcat/embed/tomcat-embed-websocket/8.5.23/tomcat-embed-websocket-8.5.23.jar:/opt/maven/warehouse/org/hibernate/hibernate-validator/5.3.6.Final/hibernate-validator-5.3.6.Final.jar:/opt/maven/warehouse/javax/validation/validation-api/1.1.0.Final/validation-api-1.1.0.Final.jar:/opt/maven/warehouse/org/jboss/logging/jboss-logging/3.3.1.Final/jboss-logging-3.3.1.Final.jar:/opt/maven/warehouse/com/fasterxml/classmate/1.3.4/classmate-1.3.4.jar:/opt/maven/warehouse/com/fasterxml/jackson/core/jackson-databind/2.8.10/jackson-databind-2.8.10.jar:/opt/maven/warehouse/com/fasterxml/jackson/core/jackson-annotations/2.8.0/jackson-annotations-2.8.0.jar:/opt/maven/warehouse/com/fasterxml/jackson/core/jackson-core/2.8.10/jackson-core-2.8.10.jar:/opt/maven/warehouse/org/springframework/spring-web/4.3.13.RELEASE/spring-web-4.3.13.RELEASE.jar:/opt/maven/warehouse/org/springframework/spring-aop/4.3.13.RELEASE/spring-aop-4.3.13.RELEASE.jar:/opt/maven/warehouse/org/springframework/spring-beans/4.3.13.RELEASE/spring-beans-4.3.13.RELEASE.jar:/opt/maven/warehouse/org/springframework/spring-webmvc/4.3.13.RELEASE/spring-webmvc-4.3.13.RELEASE.jar:/opt/maven/warehouse/org/springframework/spring-expression/4.3.13.RELEASE/spring-expression-4.3.13.RELEASE.jar:/opt/maven/warehouse/com/oracle/ojdbc6/11.2/ojdbc6-11.2.jar:/opt/maven/warehouse/org/springframework/boot/spring-boot-starter-data-jpa/1.5.9.RELEASE/spring-boot-starter-data-jpa-1.5.9.RELEASE.jar:/opt/maven/warehouse/org/springframework/boot/spring-boot-starter-aop/1.5.9.RELEASE/spring-boot-starter-aop-1.5.9.RELEASE.jar:/opt/maven/warehouse/org/aspectj/aspectjweaver/1.8.13/aspectjweaver-1.8.13.jar:/opt/maven/warehouse/org/springframework/boot/spring-boot-starter-jdbc/1.5.9.RELEASE/spring-boot-starter-jdbc-1.5.9.RELEASE.jar:/opt/maven/warehouse/org/apache/tomcat/tomcat-jdbc/8.5.23/tomcat-jdbc-8.5.23.jar:/opt/maven/warehouse/org/apache/tomcat/tomcat-juli/8.5.23/tomcat-juli-8.5.23.jar:/opt/maven/warehouse/org/springframework/spring-jdbc/4.3.13.RELEASE/spring-jdbc-4.3.13.RELEASE.jar:/opt/maven/warehouse/org/hibernate/hibernate-core/5.0.12.Final/hibernate-core-5.0.12.Final.jar:/opt/maven/warehouse/org/hibernate/javax/persistence/hibernate-jpa-2.1-api/1.0.0.Final/hibernate-jpa-2.1-api-1.0.0.Final.jar:/opt/maven/warehouse/org/javassist/javassist/3.21.0-GA/javassist-3.21.0-GA.jar:/opt/maven/warehouse/antlr/antlr/2.7.7/antlr-2.7.7.jar:/opt/maven/warehouse/org/jboss/jandex/2.0.0.Final/jandex-2.0.0.Final.jar:/opt/maven/warehouse/dom4j/dom4j/1.6.1/dom4j-1.6.1.jar:/opt/maven/warehouse/org/hibernate/common/hibernate-commons-annotations/5.0.1.Final/hibernate-commons-annotations-5.0.1.Final.jar:/opt/maven/warehouse/org/hibernate/hibernate-entitymanager/5.0.12.Final/hibernate-entitymanager-5.0.12.Final.jar:/opt/maven/warehouse/javax/transaction/javax.transaction-api/1.2/javax.transaction-api-1.2.jar:/opt/maven/warehouse/org/springframework/data/spring-data-jpa/1.11.9.RELEASE/spring-data-jpa-1.11.9.RELEASE.jar:/opt/maven/warehouse/org/springframework/data/spring-data-commons/1.13.9.RELEASE/spring-data-commons-1.13.9.RELEASE.jar:/opt/maven/warehouse/org/springframework/spring-orm/4.3.13.RELEASE/spring-orm-4.3.13.RELEASE.jar:/opt/maven/warehouse/org/springframework/spring-tx/4.3.13.RELEASE/spring-tx-4.3.13.RELEASE.jar:/opt/maven/warehouse/org/slf4j/slf4j-api/1.7.25/slf4j-api-1.7.25.jar:/opt/maven/warehouse/org/slf4j/jcl-over-slf4j/1.7.25/jcl-over-slf4j-1.7.25.jar:/opt/maven/warehouse/org/springframework/spring-aspects/4.3.13.RELEASE/spring-aspects-4.3.13.RELEASE.jar:/opt/maven/warehouse/org/springframework/boot/spring-boot-starter-test/1.5.9.RELEASE/spring-boot-starter-test-1.5.9.RELEASE.jar:/opt/maven/warehouse/org/springframework/boot/spring-boot-test/1.5.9.RELEASE/spring-boot-test-1.5.9.RELEASE.jar:/opt/maven/warehouse/org/springframework/boot/spring-boot-test-autoconfigure/1.5.9.RELEASE/spring-boot-test-autoconfigure-1.5.9.RELEASE.jar:/opt/maven/warehouse/com/jayway/jsonpath/json-path/2.2.0/json-path-2.2.0.jar:/opt/maven/warehouse/net/minidev/json-smart/2.2.1/json-smart-2.2.1.jar:/opt/maven/warehouse/net/minidev/accessors-smart/1.1/accessors-smart-1.1.jar:/opt/maven/warehouse/org/ow2/asm/asm/5.0.3/asm-5.0.3.jar:/opt/maven/warehouse/junit/junit/4.12/junit-4.12.jar:/opt/maven/warehouse/org/assertj/assertj-core/2.6.0/assertj-core-2.6.0.jar:/opt/maven/warehouse/org/mockito/mockito-core/1.10.19/mockito-core-1.10.19.jar:/opt/maven/warehouse/org/objenesis/objenesis/2.1/objenesis-2.1.jar:/opt/maven/warehouse/org/hamcrest/hamcrest-core/1.3/hamcrest-core-1.3.jar:/opt/maven/warehouse/org/hamcrest/hamcrest-library/1.3/hamcrest-library-1.3.jar:/opt/maven/warehouse/org/skyscreamer/jsonassert/1.4.0/jsonassert-1.4.0.jar:/opt/maven/warehouse/com/vaadin/external/google/android-json/0.0.20131108.vaadin1/android-json-0.0.20131108.vaadin1.jar:/opt/maven/warehouse/org/springframework/spring-core/4.3.13.RELEASE/spring-core-4.3.13.RELEASE.jar:/opt/maven/warehouse/org/springframework/spring-test/4.3.13.RELEASE/spring-test-4.3.13.RELEASE.jar:/opt/maven/warehouse/org/springframework/cloud/spring-cloud-starter-netflix-eureka-client/1.4.0.RELEASE/spring-cloud-starter-netflix-eureka-client-1.4.0.RELEASE.jar:/opt/maven/warehouse/org/springframework/cloud/spring-cloud-starter/1.3.0.RELEASE/spring-cloud-starter-1.3.0.RELEASE.jar:/opt/maven/warehouse/org/springframework/cloud/spring-cloud-context/1.3.0.RELEASE/spring-cloud-context-1.3.0.RELEASE.jar:/opt/maven/warehouse/org/springframework/security/spring-security-crypto/4.2.3.RELEASE/spring-security-crypto-4.2.3.RELEASE.jar:/opt/maven/warehouse/org/springframework/cloud/spring-cloud-commons/1.3.0.RELEASE/spring-cloud-commons-1.3.0.RELEASE.jar:/opt/maven/warehouse/org/springframework/security/spring-security-rsa/1.0.3.RELEASE/spring-security-rsa-1.0.3.RELEASE.jar:/opt/maven/warehouse/org/bouncycastle/bcpkix-jdk15on/1.55/bcpkix-jdk15on-1.55.jar:/opt/maven/warehouse/org/bouncycastle/bcprov-jdk15on/1.55/bcprov-jdk15on-1.55.jar:/opt/maven/warehouse/org/springframework/cloud/spring-cloud-netflix-core/1.4.0.RELEASE/spring-cloud-netflix-core-1.4.0.RELEASE.jar:/opt/maven/warehouse/org/springframework/cloud/spring-cloud-netflix-eureka-client/1.4.0.RELEASE/spring-cloud-netflix-eureka-client-1.4.0.RELEASE.jar:/opt/maven/warehouse/com/netflix/eureka/eureka-client/1.7.0/eureka-client-1.7.0.jar:/opt/maven/warehouse/org/codehaus/jettison/jettison/1.3.7/jettison-1.3.7.jar:/opt/maven/warehouse/stax/stax-api/1.0.1/stax-api-1.0.1.jar:/opt/maven/warehouse/com/netflix/netflix-commons/netflix-eventbus/0.3.0/netflix-eventbus-0.3.0.jar:/opt/maven/warehouse/com/netflix/netflix-commons/netflix-infix/0.3.0/netflix-infix-0.3.0.jar:/opt/maven/warehouse/commons-jxpath/commons-jxpath/1.3/commons-jxpath-1.3.jar:/opt/maven/warehouse/joda-time/joda-time/2.9.9/joda-time-2.9.9.jar:/opt/maven/warehouse/org/antlr/antlr-runtime/3.4/antlr-runtime-3.4.jar:/opt/maven/warehouse/org/antlr/stringtemplate/3.2.1/stringtemplate-3.2.1.jar:/opt/maven/warehouse/com/google/code/gson/gson/2.8.2/gson-2.8.2.jar:/opt/maven/warehouse/org/apache/commons/commons-math/2.2/commons-math-2.2.jar:/opt/maven/warehouse/com/netflix/archaius/archaius-core/0.7.4/archaius-core-0.7.4.jar:/opt/maven/warehouse/javax/ws/rs/jsr311-api/1.1.1/jsr311-api-1.1.1.jar:/opt/maven/warehouse/com/netflix/servo/servo-core/0.10.1/servo-core-0.10.1.jar:/opt/maven/warehouse/com/netflix/servo/servo-internal/0.10.1/servo-internal-0.10.1.jar:/opt/maven/warehouse/com/sun/jersey/jersey-core/1.19.1/jersey-core-1.19.1.jar:/opt/maven/warehouse/com/sun/jersey/jersey-client/1.19.1/jersey-client-1.19.1.jar:/opt/maven/warehouse/com/sun/jersey/contribs/jersey-apache-client4/1.19.1/jersey-apache-client4-1.19.1.jar:/opt/maven/warehouse/org/apache/httpcomponents/httpclient/4.5.3/httpclient-4.5.3.jar:/opt/maven/warehouse/org/apache/httpcomponents/httpcore/4.4.8/httpcore-4.4.8.jar:/opt/maven/warehouse/commons-codec/commons-codec/1.10/commons-codec-1.10.jar:/opt/maven/warehouse/com/google/inject/guice/4.1.0/guice-4.1.0.jar:/opt/maven/warehouse/javax/inject/javax.inject/1/javax.inject-1.jar:/opt/maven/warehouse/aopalliance/aopalliance/1.0/aopalliance-1.0.jar:/opt/maven/warehouse/com/netflix/eureka/eureka-core/1.7.0/eureka-core-1.7.0.jar:/opt/maven/warehouse/org/codehaus/woodstox/woodstox-core-asl/4.4.1/woodstox-core-asl-4.4.1.jar:/opt/maven/warehouse/javax/xml/stream/stax-api/1.0-2/stax-api-1.0-2.jar:/opt/maven/warehouse/org/codehaus/woodstox/stax2-api/3.1.4/stax2-api-3.1.4.jar:/opt/maven/warehouse/org/springframework/cloud/spring-cloud-starter-netflix-archaius/1.4.0.RELEASE/spring-cloud-starter-netflix-archaius-1.4.0.RELEASE.jar:/opt/maven/warehouse/commons-configuration/commons-configuration/1.8/commons-configuration-1.8.jar:/opt/maven/warehouse/commons-lang/commons-lang/2.6/commons-lang-2.6.jar:/opt/maven/warehouse/com/google/guava/guava/18.0/guava-18.0.jar:/opt/maven/warehouse/org/springframework/cloud/spring-cloud-starter-netflix-ribbon/1.4.0.RELEASE/spring-cloud-starter-netflix-ribbon-1.4.0.RELEASE.jar:/opt/maven/warehouse/com/netflix/ribbon/ribbon/2.2.4/ribbon-2.2.4.jar:/opt/maven/warehouse/com/netflix/ribbon/ribbon-transport/2.2.4/ribbon-transport-2.2.4.jar:/opt/maven/warehouse/io/reactivex/rxnetty-contexts/0.4.9/rxnetty-contexts-0.4.9.jar:/opt/maven/warehouse/io/reactivex/rxnetty-servo/0.4.9/rxnetty-servo-0.4.9.jar:/opt/maven/warehouse/com/netflix/hystrix/hystrix-core/1.5.12/hystrix-core-1.5.12.jar:/opt/maven/warehouse/org/hdrhistogram/HdrHistogram/2.1.9/HdrHistogram-2.1.9.jar:/opt/maven/warehouse/io/reactivex/rxnetty/0.4.9/rxnetty-0.4.9.jar:/opt/maven/warehouse/io/netty/netty-codec-http/4.0.27.Final/netty-codec-http-4.0.27.Final.jar:/opt/maven/warehouse/io/netty/netty-codec/4.0.27.Final/netty-codec-4.0.27.Final.jar:/opt/maven/warehouse/io/netty/netty-handler/4.0.27.Final/netty-handler-4.0.27.Final.jar:/opt/maven/warehouse/io/netty/netty-transport-native-epoll/4.0.27.Final/netty-transport-native-epoll-4.0.27.Final.jar:/opt/maven/warehouse/io/netty/netty-common/4.0.27.Final/netty-common-4.0.27.Final.jar:/opt/maven/warehouse/io/netty/netty-buffer/4.0.27.Final/netty-buffer-4.0.27.Final.jar:/opt/maven/warehouse/io/netty/netty-transport/4.0.27.Final/netty-transport-4.0.27.Final.jar:/opt/maven/warehouse/com/netflix/ribbon/ribbon-core/2.2.4/ribbon-core-2.2.4.jar:/opt/maven/warehouse/com/netflix/ribbon/ribbon-httpclient/2.2.4/ribbon-httpclient-2.2.4.jar:/opt/maven/warehouse/commons-collections/commons-collections/3.2.2/commons-collections-3.2.2.jar:/opt/maven/warehouse/com/netflix/netflix-commons/netflix-commons-util/0.1.1/netflix-commons-util-0.1.1.jar:/opt/maven/warehouse/com/netflix/ribbon/ribbon-loadbalancer/2.2.4/ribbon-loadbalancer-2.2.4.jar:/opt/maven/warehouse/com/netflix/netflix-commons/netflix-statistics/0.1.1/netflix-statistics-0.1.1.jar:/opt/maven/warehouse/io/reactivex/rxjava/1.2.0/rxjava-1.2.0.jar:/opt/maven/warehouse/com/netflix/ribbon/ribbon-eureka/2.2.4/ribbon-eureka-2.2.4.jar:/opt/maven/warehouse/com/thoughtworks/xstream/xstream/1.4.9/xstream-1.4.9.jar:/opt/maven/warehouse/xmlpull/xmlpull/1.1.3.1/xmlpull-1.1.3.1.jar:/opt/maven/warehouse/xpp3/xpp3_min/1.1.4c/xpp3_min-1.1.4c.jar:, java.vm.vendor=Debian, sun.arch.data.model=64, java.vendor.url=https://tracker.debian.org/openjdk-11, user.timezone=Asia/Shanghai, os.name=Linux, java.vm.specification.version=11, sun.java.launcher=SUN_STANDARD, user.country=CN, sun.boot.library.path=/usr/lib/jvm/java-11-openjdk-amd64/lib, sun.java.command=/root/eclipse-workspace/demo-cloud-user/target/surefire/surefirebooter11416006764910976767.jar /root/eclipse-workspace/demo-cloud-user/target/surefire/surefire2490692127737895500tmp /root/eclipse-workspace/demo-cloud-user/target/surefire/surefire_02203275544771358257tmp, jdk.debug=release, surefire.test.class.path=/root/eclipse-workspace/demo-cloud-user/target/test-classes:/root/eclipse-workspace/demo-cloud-user/target/classes:/opt/maven/warehouse/org/springframework/boot/spring-boot-starter-actuator/1.5.9.RELEASE/spring-boot-starter-actuator-1.5.9.RELEASE.jar:/opt/maven/warehouse/org/springframework/boot/spring-boot-starter/1.5.9.RELEASE/spring-boot-starter-1.5.9.RELEASE.jar:/opt/maven/warehouse/org/springframework/boot/spring-boot/1.5.9.RELEASE/spring-boot-1.5.9.RELEASE.jar:/opt/maven/warehouse/org/springframework/boot/spring-boot-autoconfigure/1.5.9.RELEASE/spring-boot-autoconfigure-1.5.9.RELEASE.jar:/opt/maven/warehouse/org/springframework/boot/spring-boot-starter-logging/1.5.9.RELEASE/spring-boot-starter-logging-1.5.9.RELEASE.jar:/opt/maven/warehouse/ch/qos/logback/logback-classic/1.1.11/logback-classic-1.1.11.jar:/opt/maven/warehouse/ch/qos/logback/logback-core/1.1.11/logback-core-1.1.11.jar:/opt/maven/warehouse/org/slf4j/jul-to-slf4j/1.7.25/jul-to-slf4j-1.7.25.jar:/opt/maven/warehouse/org/slf4j/log4j-over-slf4j/1.7.25/log4j-over-slf4j-1.7.25.jar:/opt/maven/warehouse/org/yaml/snakeyaml/1.17/snakeyaml-1.17.jar:/opt/maven/warehouse/org/springframework/boot/spring-boot-actuator/1.5.9.RELEASE/spring-boot-actuator-1.5.9.RELEASE.jar:/opt/maven/warehouse/org/springframework/spring-context/4.3.13.RELEASE/spring-context-4.3.13.RELEASE.jar:/opt/maven/warehouse/org/springframework/boot/spring-boot-starter-web/1.5.9.RELEASE/spring-boot-starter-web-1.5.9.RELEASE.jar:/opt/maven/warehouse/org/springframework/boot/spring-boot-starter-tomcat/1.5.9.RELEASE/spring-boot-starter-tomcat-1.5.9.RELEASE.jar:/opt/maven/warehouse/org/apache/tomcat/embed/tomcat-embed-core/8.5.23/tomcat-embed-core-8.5.23.jar:/opt/maven/warehouse/org/apache/tomcat/tomcat-annotations-api/8.5.23/tomcat-annotations-api-8.5.23.jar:/opt/maven/warehouse/org/apache/tomcat/embed/tomcat-embed-el/8.5.23/tomcat-embed-el-8.5.23.jar:/opt/maven/warehouse/org/apache/tomcat/embed/tomcat-embed-websocket/8.5.23/tomcat-embed-websocket-8.5.23.jar:/opt/maven/warehouse/org/hibernate/hibernate-validator/5.3.6.Final/hibernate-validator-5.3.6.Final.jar:/opt/maven/warehouse/javax/validation/validation-api/1.1.0.Final/validation-api-1.1.0.Final.jar:/opt/maven/warehouse/org/jboss/logging/jboss-logging/3.3.1.Final/jboss-logging-3.3.1.Final.jar:/opt/maven/warehouse/com/fasterxml/classmate/1.3.4/classmate-1.3.4.jar:/opt/maven/warehouse/com/fasterxml/jackson/core/jackson-databind/2.8.10/jackson-databind-2.8.10.jar:/opt/maven/warehouse/com/fasterxml/jackson/core/jackson-annotations/2.8.0/jackson-annotations-2.8.0.jar:/opt/maven/warehouse/com/fasterxml/jackson/core/jackson-core/2.8.10/jackson-core-2.8.10.jar:/opt/maven/warehouse/org/springframework/spring-web/4.3.13.RELEASE/spring-web-4.3.13.RELEASE.jar:/opt/maven/warehouse/org/springframework/spring-aop/4.3.13.RELEASE/spring-aop-4.3.13.RELEASE.jar:/opt/maven/warehouse/org/springframework/spring-beans/4.3.13.RELEASE/spring-beans-4.3.13.RELEASE.jar:/opt/maven/warehouse/org/springframework/spring-webmvc/4.3.13.RELEASE/spring-webmvc-4.3.13.RELEASE.jar:/opt/maven/warehouse/org/springframework/spring-expression/4.3.13.RELEASE/spring-expression-4.3.13.RELEASE.jar:/opt/maven/warehouse/com/oracle/ojdbc6/11.2/ojdbc6-11.2.jar:/opt/maven/warehouse/org/springframework/boot/spring-boot-starter-data-jpa/1.5.9.RELEASE/spring-boot-starter-data-jpa-1.5.9.RELEASE.jar:/opt/maven/warehouse/org/springframework/boot/spring-boot-starter-aop/1.5.9.RELEASE/spring-boot-starter-aop-1.5.9.RELEASE.jar:/opt/maven/warehouse/org/aspectj/aspectjweaver/1.8.13/aspectjweaver-1.8.13.jar:/opt/maven/warehouse/org/springframework/boot/spring-boot-starter-jdbc/1.5.9.RELEASE/spring-boot-starter-jdbc-1.5.9.RELEASE.jar:/opt/maven/warehouse/org/apache/tomcat/tomcat-jdbc/8.5.23/tomcat-jdbc-8.5.23.jar:/opt/maven/warehouse/org/apache/tomcat/tomcat-juli/8.5.23/tomcat-juli-8.5.23.jar:/opt/maven/warehouse/org/springframework/spring-jdbc/4.3.13.RELEASE/spring-jdbc-4.3.13.RELEASE.jar:/opt/maven/warehouse/org/hibernate/hibernate-core/5.0.12.Final/hibernate-core-5.0.12.Final.jar:/opt/maven/warehouse/org/hibernate/javax/persistence/hibernate-jpa-2.1-api/1.0.0.Final/hibernate-jpa-2.1-api-1.0.0.Final.jar:/opt/maven/warehouse/org/javassist/javassist/3.21.0-GA/javassist-3.21.0-GA.jar:/opt/maven/warehouse/antlr/antlr/2.7.7/antlr-2.7.7.jar:/opt/maven/warehouse/org/jboss/jandex/2.0.0.Final/jandex-2.0.0.Final.jar:/opt/maven/warehouse/dom4j/dom4j/1.6.1/dom4j-1.6.1.jar:/opt/maven/warehouse/org/hibernate/common/hibernate-commons-annotations/5.0.1.Final/hibernate-commons-annotations-5.0.1.Final.jar:/opt/maven/warehouse/org/hibernate/hibernate-entitymanager/5.0.12.Final/hibernate-entitymanager-5.0.12.Final.jar:/opt/maven/warehouse/javax/transaction/javax.transaction-api/1.2/javax.transaction-api-1.2.jar:/opt/maven/warehouse/org/springframework/data/spring-data-jpa/1.11.9.RELEASE/spring-data-jpa-1.11.9.RELEASE.jar:/opt/maven/warehouse/org/springframework/data/spring-data-commons/1.13.9.RELEASE/spring-data-commons-1.13.9.RELEASE.jar:/opt/maven/warehouse/org/springframework/spring-orm/4.3.13.RELEASE/spring-orm-4.3.13.RELEASE.jar:/opt/maven/warehouse/org/springframework/spring-tx/4.3.13.RELEASE/spring-tx-4.3.13.RELEASE.jar:/opt/maven/warehouse/org/slf4j/slf4j-api/1.7.25/slf4j-api-1.7.25.jar:/opt/maven/warehouse/org/slf4j/jcl-over-slf4j/1.7.25/jcl-over-slf4j-1.7.25.jar:/opt/maven/warehouse/org/springframework/spring-aspects/4.3.13.RELEASE/spring-aspects-4.3.13.RELEASE.jar:/opt/maven/warehouse/org/springframework/boot/spring-boot-starter-test/1.5.9.RELEASE/spring-boot-starter-test-1.5.9.RELEASE.jar:/opt/maven/warehouse/org/springframework/boot/spring-boot-test/1.5.9.RELEASE/spring-boot-test-1.5.9.RELEASE.jar:/opt/maven/warehouse/org/springframework/boot/spring-boot-test-autoconfigure/1.5.9.RELEASE/spring-boot-test-autoconfigure-1.5.9.RELEASE.jar:/opt/maven/warehouse/com/jayway/jsonpath/json-path/2.2.0/json-path-2.2.0.jar:/opt/maven/warehouse/net/minidev/json-smart/2.2.1/json-smart-2.2.1.jar:/opt/maven/warehouse/net/minidev/accessors-smart/1.1/accessors-smart-1.1.jar:/opt/maven/warehouse/org/ow2/asm/asm/5.0.3/asm-5.0.3.jar:/opt/maven/warehouse/junit/junit/4.12/junit-4.12.jar:/opt/maven/warehouse/org/assertj/assertj-core/2.6.0/assertj-core-2.6.0.jar:/opt/maven/warehouse/org/mockito/mockito-core/1.10.19/mockito-core-1.10.19.jar:/opt/maven/warehouse/org/objenesis/objenesis/2.1/objenesis-2.1.jar:/opt/maven/warehouse/org/hamcrest/hamcrest-core/1.3/hamcrest-core-1.3.jar:/opt/maven/warehouse/org/hamcrest/hamcrest-library/1.3/hamcrest-library-1.3.jar:/opt/maven/warehouse/org/skyscreamer/jsonassert/1.4.0/jsonassert-1.4.0.jar:/opt/maven/warehouse/com/vaadin/external/google/android-json/0.0.20131108.vaadin1/android-json-0.0.20131108.vaadin1.jar:/opt/maven/warehouse/org/springframework/spring-core/4.3.13.RELEASE/spring-core-4.3.13.RELEASE.jar:/opt/maven/warehouse/org/springframework/spring-test/4.3.13.RELEASE/spring-test-4.3.13.RELEASE.jar:/opt/maven/warehouse/org/springframework/cloud/spring-cloud-starter-netflix-eureka-client/1.4.0.RELEASE/spring-cloud-starter-netflix-eureka-client-1.4.0.RELEASE.jar:/opt/maven/warehouse/org/springframework/cloud/spring-cloud-starter/1.3.0.RELEASE/spring-cloud-starter-1.3.0.RELEASE.jar:/opt/maven/warehouse/org/springframework/cloud/spring-cloud-context/1.3.0.RELEASE/spring-cloud-context-1.3.0.RELEASE.jar:/opt/maven/warehouse/org/springframework/security/spring-security-crypto/4.2.3.RELEASE/spring-security-crypto-4.2.3.RELEASE.jar:/opt/maven/warehouse/org/springframework/cloud/spring-cloud-commons/1.3.0.RELEASE/spring-cloud-commons-1.3.0.RELEASE.jar:/opt/maven/warehouse/org/springframework/security/spring-security-rsa/1.0.3.RELEASE/spring-security-rsa-1.0.3.RELEASE.jar:/opt/maven/warehouse/org/bouncycastle/bcpkix-jdk15on/1.55/bcpkix-jdk15on-1.55.jar:/opt/maven/warehouse/org/bouncycastle/bcprov-jdk15on/1.55/bcprov-jdk15on-1.55.jar:/opt/maven/warehouse/org/springframework/cloud/spring-cloud-netflix-core/1.4.0.RELEASE/spring-cloud-netflix-core-1.4.0.RELEASE.jar:/opt/maven/warehouse/org/springframework/cloud/spring-cloud-netflix-eureka-client/1.4.0.RELEASE/spring-cloud-netflix-eureka-client-1.4.0.RELEASE.jar:/opt/maven/warehouse/com/netflix/eureka/eureka-client/1.7.0/eureka-client-1.7.0.jar:/opt/maven/warehouse/org/codehaus/jettison/jettison/1.3.7/jettison-1.3.7.jar:/opt/maven/warehouse/stax/stax-api/1.0.1/stax-api-1.0.1.jar:/opt/maven/warehouse/com/netflix/netflix-commons/netflix-eventbus/0.3.0/netflix-eventbus-0.3.0.jar:/opt/maven/warehouse/com/netflix/netflix-commons/netflix-infix/0.3.0/netflix-infix-0.3.0.jar:/opt/maven/warehouse/commons-jxpath/commons-jxpath/1.3/commons-jxpath-1.3.jar:/opt/maven/warehouse/joda-time/joda-time/2.9.9/joda-time-2.9.9.jar:/opt/maven/warehouse/org/antlr/antlr-runtime/3.4/antlr-runtime-3.4.jar:/opt/maven/warehouse/org/antlr/stringtemplate/3.2.1/stringtemplate-3.2.1.jar:/opt/maven/warehouse/com/google/code/gson/gson/2.8.2/gson-2.8.2.jar:/opt/maven/warehouse/org/apache/commons/commons-math/2.2/commons-math-2.2.jar:/opt/maven/warehouse/com/netflix/archaius/archaius-core/0.7.4/archaius-core-0.7.4.jar:/opt/maven/warehouse/javax/ws/rs/jsr311-api/1.1.1/jsr311-api-1.1.1.jar:/opt/maven/warehouse/com/netflix/servo/servo-core/0.10.1/servo-core-0.10.1.jar:/opt/maven/warehouse/com/netflix/servo/servo-internal/0.10.1/servo-internal-0.10.1.jar:/opt/maven/warehouse/com/sun/jersey/jersey-core/1.19.1/jersey-core-1.19.1.jar:/opt/maven/warehouse/com/sun/jersey/jersey-client/1.19.1/jersey-client-1.19.1.jar:/opt/maven/warehouse/com/sun/jersey/contribs/jersey-apache-client4/1.19.1/jersey-apache-client4-1.19.1.jar:/opt/maven/warehouse/org/apache/httpcomponents/httpclient/4.5.3/httpclient-4.5.3.jar:/opt/maven/warehouse/org/apache/httpcomponents/httpcore/4.4.8/httpcore-4.4.8.jar:/opt/maven/warehouse/commons-codec/commons-codec/1.10/commons-codec-1.10.jar:/opt/maven/warehouse/com/google/inject/guice/4.1.0/guice-4.1.0.jar:/opt/maven/warehouse/javax/inject/javax.inject/1/javax.inject-1.jar:/opt/maven/warehouse/aopalliance/aopalliance/1.0/aopalliance-1.0.jar:/opt/maven/warehouse/com/netflix/eureka/eureka-core/1.7.0/eureka-core-1.7.0.jar:/opt/maven/warehouse/org/codehaus/woodstox/woodstox-core-asl/4.4.1/woodstox-core-asl-4.4.1.jar:/opt/maven/warehouse/javax/xml/stream/stax-api/1.0-2/stax-api-1.0-2.jar:/opt/maven/warehouse/org/codehaus/woodstox/stax2-api/3.1.4/stax2-api-3.1.4.jar:/opt/maven/warehouse/org/springframework/cloud/spring-cloud-starter-netflix-archaius/1.4.0.RELEASE/spring-cloud-starter-netflix-archaius-1.4.0.RELEASE.jar:/opt/maven/warehouse/commons-configuration/commons-configuration/1.8/commons-configuration-1.8.jar:/opt/maven/warehouse/commons-lang/commons-lang/2.6/commons-lang-2.6.jar:/opt/maven/warehouse/com/google/guava/guava/18.0/guava-18.0.jar:/opt/maven/warehouse/org/springframework/cloud/spring-cloud-starter-netflix-ribbon/1.4.0.RELEASE/spring-cloud-starter-netflix-ribbon-1.4.0.RELEASE.jar:/opt/maven/warehouse/com/netflix/ribbon/ribbon/2.2.4/ribbon-2.2.4.jar:/opt/maven/warehouse/com/netflix/ribbon/ribbon-transport/2.2.4/ribbon-transport-2.2.4.jar:/opt/maven/warehouse/io/reactivex/rxnetty-contexts/0.4.9/rxnetty-contexts-0.4.9.jar:/opt/maven/warehouse/io/reactivex/rxnetty-servo/0.4.9/rxnetty-servo-0.4.9.jar:/opt/maven/warehouse/com/netflix/hystrix/hystrix-core/1.5.12/hystrix-core-1.5.12.jar:/opt/maven/warehouse/org/hdrhistogram/HdrHistogram/2.1.9/HdrHistogram-2.1.9.jar:/opt/maven/warehouse/io/reactivex/rxnetty/0.4.9/rxnetty-0.4.9.jar:/opt/maven/warehouse/io/netty/netty-codec-http/4.0.27.Final/netty-codec-http-4.0.27.Final.jar:/opt/maven/warehouse/io/netty/netty-codec/4.0.27.Final/netty-codec-4.0.27.Final.jar:/opt/maven/warehouse/io/netty/netty-handler/4.0.27.Final/netty-handler-4.0.27.Final.jar:/opt/maven/warehouse/io/netty/netty-transport-native-epoll/4.0.27.Final/netty-transport-native-epoll-4.0.27.Final.jar:/opt/maven/warehouse/io/netty/netty-common/4.0.27.Final/netty-common-4.0.27.Final.jar:/opt/maven/warehouse/io/netty/netty-buffer/4.0.27.Final/netty-buffer-4.0.27.Final.jar:/opt/maven/warehouse/io/netty/netty-transport/4.0.27.Final/netty-transport-4.0.27.Final.jar:/opt/maven/warehouse/com/netflix/ribbon/ribbon-core/2.2.4/ribbon-core-2.2.4.jar:/opt/maven/warehouse/com/netflix/ribbon/ribbon-httpclient/2.2.4/ribbon-httpclient-2.2.4.jar:/opt/maven/warehouse/commons-collections/commons-collections/3.2.2/commons-collections-3.2.2.jar:/opt/maven/warehouse/com/netflix/netflix-commons/netflix-commons-util/0.1.1/netflix-commons-util-0.1.1.jar:/opt/maven/warehouse/com/netflix/ribbon/ribbon-loadbalancer/2.2.4/ribbon-loadbalancer-2.2.4.jar:/opt/maven/warehouse/com/netflix/netflix-commons/netflix-statistics/0.1.1/netflix-statistics-0.1.1.jar:/opt/maven/warehouse/io/reactivex/rxjava/1.2.0/rxjava-1.2.0.jar:/opt/maven/warehouse/com/netflix/ribbon/ribbon-eureka/2.2.4/ribbon-eureka-2.2.4.jar:/opt/maven/warehouse/com/thoughtworks/xstream/xstream/1.4.9/xstream-1.4.9.jar:/opt/maven/warehouse/xmlpull/xmlpull/1.1.3.1/xmlpull-1.1.3.1.jar:/opt/maven/warehouse/xpp3/xpp3_min/1.1.4c/xpp3_min-1.1.4c.jar:, sun.cpu.endian=little, user.home=/root, user.language=zh, java.specification.vendor=Oracle Corporation, java.version.date=2019-07-16, java.home=/usr/lib/jvm/java-11-openjdk-amd64, file.separator=/, basedir=/root/eclipse-workspace/demo-cloud-user, java.vm.compressedOopsMode=32-bit, line.separator=
, java.specification.name=Java Platform API Specification, java.vm.specification.vendor=Oracle Corporation, java.awt.graphicsenv=sun.awt.X11GraphicsEnvironment, surefire.real.class.path=/root/eclipse-workspace/demo-cloud-user/target/surefire/surefirebooter11416006764910976767.jar, sun.management.compiler=HotSpot 64-Bit Tiered Compilers, java.runtime.version=11.0.4+11-post-Debian-1, user.name=root, path.separator=:, os.version=4.19.0-kali5-amd64, java.runtime.name=OpenJDK Runtime Environment, file.encoding=UTF-8, java.vm.name=OpenJDK 64-Bit Server VM, localRepository=/opt/maven/warehouse, java.vendor.url.bug=https://bugs.debian.org/openjdk-11, java.io.tmpdir=/tmp, java.version=11.0.4, user.dir=/root/eclipse-workspace/demo-cloud-user, os.arch=amd64, java.vm.specification.name=Java Virtual Machine Specification, java.awt.printerjob=sun.print.PSPrinterJob, sun.os.patch.level=unknown, java.library.path=/usr/java/packages/lib:/usr/lib/x86_64-linux-gnu/jni:/lib/x86_64-linux-gnu:/usr/lib/x86_64-linux-gnu:/usr/lib/jni:/lib:/usr/lib, java.vendor=Debian, java.vm.info=mixed mode, sharing, java.vm.version=11.0.4+11-post-Debian-1, sun.io.unicode.encoding=UnicodeLittle, java.class.version=55.0}}, SystemEnvironmentPropertySource@592617454 {name='systemEnvironment', properties={PATH=/opt/toolchain/bin:/usr/local/sbin:/usr/local/bin:/usr/sbin:/usr/bin:/sbin:/bin, LC_MEASUREMENT=zh_CN.UTF-8, XAUTHORITY=/run/user/0/gdm/Xauthority, XMODIFIERS=@im=fcitx, XDG_DATA_DIRS=/usr/share/gnome:/usr/local/share/:/usr/share/, GDMSESSION=gnome, LC_TIME=zh_CN.UTF-8, GTK_IM_MODULE=fcitx, DBUS_SESSION_BUS_ADDRESS=unix:path=/run/user/0/bus, XDG_CURRENT_DESKTOP=GNOME, SSH_AGENT_PID=1135, QT4_IM_MODULE=fcitx, LC_PAPER=zh_CN.UTF-8, SESSION_MANAGER=local/kali:@/tmp/.ICE-unix/1080,unix/kali:/tmp/.ICE-unix/1080, USERNAME=root, LOGNAME=root, PWD=/root/eclipse-workspace/demo-cloud-user, GJS_DEBUG_TOPICS=JS ERROR;JS LOG, SHELL=/bin/bash, GIO_LAUNCHED_DESKTOP_FILE=/usr/share/applications/eclipse.desktop, OLDPWD=/root/eclipse-workspace/demo-cloud-user, GNOME_DESKTOP_SESSION_ID=this-is-deprecated, GTK_MODULES=gail:atk-bridge, CLUTTER_IM_MODULE=fcitx, XDG_SESSION_DESKTOP=gnome, LC_MONETARY=zh_CN.UTF-8, OXYGEN_DISABLE_INNER_SHADOWS_HACK=1, QT_IM_MODULE=fcitx, LANG=zh_CN.UTF-8, XDG_SESSION_ID=2, XDG_SESSION_TYPE=x11, DISPLAY=:1, XDG_SESSION_CLASS=user, GDM_LANG=zh_CN.UTF-8, LIBOVERLAY_SCROLLBAR=0, GPG_AGENT_INFO=/run/user/0/gnupg/S.gpg-agent:0:1, GDK_CORE_DEVICE_EVENTS=1, DESKTOP_SESSION=gnome, USER=root, XDG_MENU_PREFIX=gnome-, GIO_LAUNCHED_DESKTOP_FILE_PID=27344, QT_ACCESSIBILITY=1, WINDOWPATH=2, LC_NUMERIC=zh_CN.UTF-8, GJS_DEBUG_OUTPUT=stderr, SSH_AUTH_SOCK=/run/user/0/keyring/ssh, XDG_SEAT=seat0, XDG_VTNR=2, XDG_RUNTIME_DIR=/run/user/0, HOME=/root}}]
00:40:42.058 [main] DEBUG org.springframework.core.io.support.PathMatchingResourcePatternResolver - Resolved classpath location [com/example/demo/] to resources [URL [file:/root/eclipse-workspace/demo-cloud-user/target/test-classes/com/example/demo/], URL [file:/root/eclipse-workspace/demo-cloud-user/target/classes/com/example/demo/]]
00:40:42.059 [main] DEBUG org.springframework.core.io.support.PathMatchingResourcePatternResolver - Looking for matching resources in directory tree [/root/eclipse-workspace/demo-cloud-user/target/test-classes/com/example/demo]
00:40:42.059 [main] DEBUG org.springframework.core.io.support.PathMatchingResourcePatternResolver - Searching directory [/root/eclipse-workspace/demo-cloud-user/target/test-classes/com/example/demo] for files matching pattern [/root/eclipse-workspace/demo-cloud-user/target/test-classes/com/example/demo/*.class]
00:40:42.062 [main] DEBUG org.springframework.core.io.support.PathMatchingResourcePatternResolver - Looking for matching resources in directory tree [/root/eclipse-workspace/demo-cloud-user/target/classes/com/example/demo]
00:40:42.062 [main] DEBUG org.springframework.core.io.support.PathMatchingResourcePatternResolver - Searching directory [/root/eclipse-workspace/demo-cloud-user/target/classes/com/example/demo] for files matching pattern [/root/eclipse-workspace/demo-cloud-user/target/classes/com/example/demo/*.class]
00:40:42.063 [main] DEBUG org.springframework.core.io.support.PathMatchingResourcePatternResolver - Resolved location pattern [classpath*:com/example/demo/*.class] to resources [file [/root/eclipse-workspace/demo-cloud-user/target/test-classes/com/example/demo/DemoCloudUserApplicationTests.class], file [/root/eclipse-workspace/demo-cloud-user/target/classes/com/example/demo/DemoCloudUserApplication.class], file [/root/eclipse-workspace/demo-cloud-user/target/classes/com/example/demo/Users.class], file [/root/eclipse-workspace/demo-cloud-user/target/classes/com/example/demo/UsersController.class], file [/root/eclipse-workspace/demo-cloud-user/target/classes/com/example/demo/UsersRepository.class]]
00:40:42.117 [main] DEBUG org.springframework.context.annotation.ClassPathScanningCandidateComponentProvider - Identified candidate component class: file [/root/eclipse-workspace/demo-cloud-user/target/classes/com/example/demo/DemoCloudUserApplication.class]
00:40:42.130 [main] INFO org.springframework.boot.test.context.SpringBootTestContextBootstrapper - Found @SpringBootConfiguration com.example.demo.DemoCloudUserApplication for test class com.example.demo.DemoCloudUserApplicationTests
00:40:42.134 [main] DEBUG org.springframework.boot.test.context.SpringBootTestContextBootstrapper - @TestExecutionListeners is not present for class [com.example.demo.DemoCloudUserApplicationTests]: using defaults.
00:40:42.142 [main] INFO org.springframework.boot.test.context.SpringBootTestContextBootstrapper - Loaded default TestExecutionListener class names from location [META-INF/spring.factories]: [org.springframework.boot.test.mock.mockito.MockitoTestExecutionListener, org.springframework.boot.test.mock.mockito.ResetMocksTestExecutionListener, org.springframework.boot.test.autoconfigure.restdocs.RestDocsTestExecutionListener, org.springframework.boot.test.autoconfigure.web.client.MockRestServiceServerResetTestExecutionListener, org.springframework.boot.test.autoconfigure.web.servlet.MockMvcPrintOnlyOnFailureTestExecutionListener, org.springframework.boot.test.autoconfigure.web.servlet.WebDriverTestExecutionListener, org.springframework.test.context.web.ServletTestExecutionListener, org.springframework.test.context.support.DirtiesContextBeforeModesTestExecutionListener, org.springframework.test.context.support.DependencyInjectionTestExecutionListener, org.springframework.test.context.support.DirtiesContextTestExecutionListener, org.springframework.test.context.transaction.TransactionalTestExecutionListener, org.springframework.test.context.jdbc.SqlScriptsTestExecutionListener]
00:40:42.168 [main] INFO org.springframework.boot.test.context.SpringBootTestContextBootstrapper - Using TestExecutionListeners: [org.springframework.test.context.web.ServletTestExecutionListener@4116aac9, org.springframework.test.context.support.DirtiesContextBeforeModesTestExecutionListener@62ddbd7e, org.springframework.boot.test.autoconfigure.SpringBootDependencyInjectionTestExecutionListener@74e52ef6, org.springframework.test.context.support.DirtiesContextTestExecutionListener@6ed3ccb2, org.springframework.test.context.transaction.TransactionalTestExecutionListener@1a677343, org.springframework.test.context.jdbc.SqlScriptsTestExecutionListener@15de0b3c, org.springframework.boot.test.autoconfigure.web.client.MockRestServiceServerResetTestExecutionListener@489115ef, org.springframework.boot.test.autoconfigure.web.servlet.MockMvcPrintOnlyOnFailureTestExecutionListener@3857f613, org.springframework.boot.test.mock.mockito.MockitoTestExecutionListener@198b6731, org.springframework.boot.test.autoconfigure.web.servlet.WebDriverTestExecutionListener@7c6908d7, org.springframework.boot.test.mock.mockito.ResetMocksTestExecutionListener@3c9754d8, org.springframework.boot.test.autoconfigure.restdocs.RestDocsTestExecutionListener@3bf7ca37]
00:40:42.172 [main] DEBUG org.springframework.test.annotation.ProfileValueUtils - Retrieved @ProfileValueSourceConfiguration [null] for test class [com.example.demo.DemoCloudUserApplicationTests]
00:40:42.173 [main] DEBUG org.springframework.test.annotation.ProfileValueUtils - Retrieved ProfileValueSource type [class org.springframework.test.annotation.SystemProfileValueSource] for class [com.example.demo.DemoCloudUserApplicationTests]
00:40:42.175 [main] DEBUG org.springframework.test.context.junit4.SpringJUnit4ClassRunner - SpringJUnit4ClassRunner constructor called with [class com.example.demo.DemoCloudUserApplicationTests]
00:40:42.176 [main] DEBUG org.springframework.test.context.BootstrapUtils - Instantiating CacheAwareContextLoaderDelegate from class [org.springframework.test.context.cache.DefaultCacheAwareContextLoaderDelegate]
00:40:42.176 [main] DEBUG org.springframework.test.context.BootstrapUtils - Instantiating BootstrapContext using constructor [public org.springframework.test.context.support.DefaultBootstrapContext(java.lang.Class,org.springframework.test.context.CacheAwareContextLoaderDelegate)]
00:40:42.177 [main] DEBUG org.springframework.test.context.BootstrapUtils - Instantiating TestContextBootstrapper for test class [com.example.demo.DemoCloudUserApplicationTests] from class [org.springframework.boot.test.context.SpringBootTestContextBootstrapper]
00:40:42.178 [main] INFO org.springframework.boot.test.context.SpringBootTestContextBootstrapper - Neither @ContextConfiguration nor @ContextHierarchy found for test class [com.example.demo.DemoCloudUserApplicationTests], using SpringBootContextLoader
00:40:42.179 [main] DEBUG org.springframework.test.context.support.AbstractContextLoader - Did not detect default resource location for test class [com.example.demo.DemoCloudUserApplicationTests]: class path resource [com/example/demo/DemoCloudUserApplicationTests-context.xml] does not exist
00:40:42.179 [main] DEBUG org.springframework.test.context.support.AbstractContextLoader - Did not detect default resource location for test class [com.example.demo.DemoCloudUserApplicationTests]: class path resource [com/example/demo/DemoCloudUserApplicationTestsContext.groovy] does not exist
00:40:42.180 [main] INFO org.springframework.test.context.support.AbstractContextLoader - Could not detect default resource locations for test class [com.example.demo.DemoCloudUserApplicationTests]: no resource found for suffixes {-context.xml, Context.groovy}.
00:40:42.180 [main] INFO org.springframework.test.context.support.AnnotationConfigContextLoaderUtils - Could not detect default configuration classes for test class [com.example.demo.DemoCloudUserApplicationTests]: DemoCloudUserApplicationTests does not declare any static, non-private, non-final, nested classes annotated with @Configuration.
00:40:42.191 [main] DEBUG org.springframework.test.context.support.ActiveProfilesUtils - Could not find an 'annotation declaring class' for annotation type [org.springframework.test.context.ActiveProfiles] and class [com.example.demo.DemoCloudUserApplicationTests]
00:40:42.191 [main] DEBUG org.springframework.core.env.StandardEnvironment - Adding PropertySource 'systemProperties' with lowest search precedence
00:40:42.191 [main] DEBUG org.springframework.core.env.StandardEnvironment - Adding PropertySource 'systemEnvironment' with lowest search precedence
00:40:42.191 [main] DEBUG org.springframework.core.env.StandardEnvironment - Initialized StandardEnvironment with PropertySources [MapPropertySource@1977310713 {name='systemProperties', properties={sun.desktop=gnome, awt.toolkit=sun.awt.X11.XToolkit, java.specification.version=11, sun.cpu.isalist=, sun.jnu.encoding=UTF-8, java.class.path=/root/eclipse-workspace/demo-cloud-user/target/test-classes:/root/eclipse-workspace/demo-cloud-user/target/classes:/opt/maven/warehouse/org/springframework/boot/spring-boot-starter-actuator/1.5.9.RELEASE/spring-boot-starter-actuator-1.5.9.RELEASE.jar:/opt/maven/warehouse/org/springframework/boot/spring-boot-starter/1.5.9.RELEASE/spring-boot-starter-1.5.9.RELEASE.jar:/opt/maven/warehouse/org/springframework/boot/spring-boot/1.5.9.RELEASE/spring-boot-1.5.9.RELEASE.jar:/opt/maven/warehouse/org/springframework/boot/spring-boot-autoconfigure/1.5.9.RELEASE/spring-boot-autoconfigure-1.5.9.RELEASE.jar:/opt/maven/warehouse/org/springframework/boot/spring-boot-starter-logging/1.5.9.RELEASE/spring-boot-starter-logging-1.5.9.RELEASE.jar:/opt/maven/warehouse/ch/qos/logback/logback-classic/1.1.11/logback-classic-1.1.11.jar:/opt/maven/warehouse/ch/qos/logback/logback-core/1.1.11/logback-core-1.1.11.jar:/opt/maven/warehouse/org/slf4j/jul-to-slf4j/1.7.25/jul-to-slf4j-1.7.25.jar:/opt/maven/warehouse/org/slf4j/log4j-over-slf4j/1.7.25/log4j-over-slf4j-1.7.25.jar:/opt/maven/warehouse/org/yaml/snakeyaml/1.17/snakeyaml-1.17.jar:/opt/maven/warehouse/org/springframework/boot/spring-boot-actuator/1.5.9.RELEASE/spring-boot-actuator-1.5.9.RELEASE.jar:/opt/maven/warehouse/org/springframework/spring-context/4.3.13.RELEASE/spring-context-4.3.13.RELEASE.jar:/opt/maven/warehouse/org/springframework/boot/spring-boot-starter-web/1.5.9.RELEASE/spring-boot-starter-web-1.5.9.RELEASE.jar:/opt/maven/warehouse/org/springframework/boot/spring-boot-starter-tomcat/1.5.9.RELEASE/spring-boot-starter-tomcat-1.5.9.RELEASE.jar:/opt/maven/warehouse/org/apache/tomcat/embed/tomcat-embed-core/8.5.23/tomcat-embed-core-8.5.23.jar:/opt/maven/warehouse/org/apache/tomcat/tomcat-annotations-api/8.5.23/tomcat-annotations-api-8.5.23.jar:/opt/maven/warehouse/org/apache/tomcat/embed/tomcat-embed-el/8.5.23/tomcat-embed-el-8.5.23.jar:/opt/maven/warehouse/org/apache/tomcat/embed/tomcat-embed-websocket/8.5.23/tomcat-embed-websocket-8.5.23.jar:/opt/maven/warehouse/org/hibernate/hibernate-validator/5.3.6.Final/hibernate-validator-5.3.6.Final.jar:/opt/maven/warehouse/javax/validation/validation-api/1.1.0.Final/validation-api-1.1.0.Final.jar:/opt/maven/warehouse/org/jboss/logging/jboss-logging/3.3.1.Final/jboss-logging-3.3.1.Final.jar:/opt/maven/warehouse/com/fasterxml/classmate/1.3.4/classmate-1.3.4.jar:/opt/maven/warehouse/com/fasterxml/jackson/core/jackson-databind/2.8.10/jackson-databind-2.8.10.jar:/opt/maven/warehouse/com/fasterxml/jackson/core/jackson-annotations/2.8.0/jackson-annotations-2.8.0.jar:/opt/maven/warehouse/com/fasterxml/jackson/core/jackson-core/2.8.10/jackson-core-2.8.10.jar:/opt/maven/warehouse/org/springframework/spring-web/4.3.13.RELEASE/spring-web-4.3.13.RELEASE.jar:/opt/maven/warehouse/org/springframework/spring-aop/4.3.13.RELEASE/spring-aop-4.3.13.RELEASE.jar:/opt/maven/warehouse/org/springframework/spring-beans/4.3.13.RELEASE/spring-beans-4.3.13.RELEASE.jar:/opt/maven/warehouse/org/springframework/spring-webmvc/4.3.13.RELEASE/spring-webmvc-4.3.13.RELEASE.jar:/opt/maven/warehouse/org/springframework/spring-expression/4.3.13.RELEASE/spring-expression-4.3.13.RELEASE.jar:/opt/maven/warehouse/com/oracle/ojdbc6/11.2/ojdbc6-11.2.jar:/opt/maven/warehouse/org/springframework/boot/spring-boot-starter-data-jpa/1.5.9.RELEASE/spring-boot-starter-data-jpa-1.5.9.RELEASE.jar:/opt/maven/warehouse/org/springframework/boot/spring-boot-starter-aop/1.5.9.RELEASE/spring-boot-starter-aop-1.5.9.RELEASE.jar:/opt/maven/warehouse/org/aspectj/aspectjweaver/1.8.13/aspectjweaver-1.8.13.jar:/opt/maven/warehouse/org/springframework/boot/spring-boot-starter-jdbc/1.5.9.RELEASE/spring-boot-starter-jdbc-1.5.9.RELEASE.jar:/opt/maven/warehouse/org/apache/tomcat/tomcat-jdbc/8.5.23/tomcat-jdbc-8.5.23.jar:/opt/maven/warehouse/org/apache/tomcat/tomcat-juli/8.5.23/tomcat-juli-8.5.23.jar:/opt/maven/warehouse/org/springframework/spring-jdbc/4.3.13.RELEASE/spring-jdbc-4.3.13.RELEASE.jar:/opt/maven/warehouse/org/hibernate/hibernate-core/5.0.12.Final/hibernate-core-5.0.12.Final.jar:/opt/maven/warehouse/org/hibernate/javax/persistence/hibernate-jpa-2.1-api/1.0.0.Final/hibernate-jpa-2.1-api-1.0.0.Final.jar:/opt/maven/warehouse/org/javassist/javassist/3.21.0-GA/javassist-3.21.0-GA.jar:/opt/maven/warehouse/antlr/antlr/2.7.7/antlr-2.7.7.jar:/opt/maven/warehouse/org/jboss/jandex/2.0.0.Final/jandex-2.0.0.Final.jar:/opt/maven/warehouse/dom4j/dom4j/1.6.1/dom4j-1.6.1.jar:/opt/maven/warehouse/org/hibernate/common/hibernate-commons-annotations/5.0.1.Final/hibernate-commons-annotations-5.0.1.Final.jar:/opt/maven/warehouse/org/hibernate/hibernate-entitymanager/5.0.12.Final/hibernate-entitymanager-5.0.12.Final.jar:/opt/maven/warehouse/javax/transaction/javax.transaction-api/1.2/javax.transaction-api-1.2.jar:/opt/maven/warehouse/org/springframework/data/spring-data-jpa/1.11.9.RELEASE/spring-data-jpa-1.11.9.RELEASE.jar:/opt/maven/warehouse/org/springframework/data/spring-data-commons/1.13.9.RELEASE/spring-data-commons-1.13.9.RELEASE.jar:/opt/maven/warehouse/org/springframework/spring-orm/4.3.13.RELEASE/spring-orm-4.3.13.RELEASE.jar:/opt/maven/warehouse/org/springframework/spring-tx/4.3.13.RELEASE/spring-tx-4.3.13.RELEASE.jar:/opt/maven/warehouse/org/slf4j/slf4j-api/1.7.25/slf4j-api-1.7.25.jar:/opt/maven/warehouse/org/slf4j/jcl-over-slf4j/1.7.25/jcl-over-slf4j-1.7.25.jar:/opt/maven/warehouse/org/springframework/spring-aspects/4.3.13.RELEASE/spring-aspects-4.3.13.RELEASE.jar:/opt/maven/warehouse/org/springframework/boot/spring-boot-starter-test/1.5.9.RELEASE/spring-boot-starter-test-1.5.9.RELEASE.jar:/opt/maven/warehouse/org/springframework/boot/spring-boot-test/1.5.9.RELEASE/spring-boot-test-1.5.9.RELEASE.jar:/opt/maven/warehouse/org/springframework/boot/spring-boot-test-autoconfigure/1.5.9.RELEASE/spring-boot-test-autoconfigure-1.5.9.RELEASE.jar:/opt/maven/warehouse/com/jayway/jsonpath/json-path/2.2.0/json-path-2.2.0.jar:/opt/maven/warehouse/net/minidev/json-smart/2.2.1/json-smart-2.2.1.jar:/opt/maven/warehouse/net/minidev/accessors-smart/1.1/accessors-smart-1.1.jar:/opt/maven/warehouse/org/ow2/asm/asm/5.0.3/asm-5.0.3.jar:/opt/maven/warehouse/junit/junit/4.12/junit-4.12.jar:/opt/maven/warehouse/org/assertj/assertj-core/2.6.0/assertj-core-2.6.0.jar:/opt/maven/warehouse/org/mockito/mockito-core/1.10.19/mockito-core-1.10.19.jar:/opt/maven/warehouse/org/objenesis/objenesis/2.1/objenesis-2.1.jar:/opt/maven/warehouse/org/hamcrest/hamcrest-core/1.3/hamcrest-core-1.3.jar:/opt/maven/warehouse/org/hamcrest/hamcrest-library/1.3/hamcrest-library-1.3.jar:/opt/maven/warehouse/org/skyscreamer/jsonassert/1.4.0/jsonassert-1.4.0.jar:/opt/maven/warehouse/com/vaadin/external/google/android-json/0.0.20131108.vaadin1/android-json-0.0.20131108.vaadin1.jar:/opt/maven/warehouse/org/springframework/spring-core/4.3.13.RELEASE/spring-core-4.3.13.RELEASE.jar:/opt/maven/warehouse/org/springframework/spring-test/4.3.13.RELEASE/spring-test-4.3.13.RELEASE.jar:/opt/maven/warehouse/org/springframework/cloud/spring-cloud-starter-netflix-eureka-client/1.4.0.RELEASE/spring-cloud-starter-netflix-eureka-client-1.4.0.RELEASE.jar:/opt/maven/warehouse/org/springframework/cloud/spring-cloud-starter/1.3.0.RELEASE/spring-cloud-starter-1.3.0.RELEASE.jar:/opt/maven/warehouse/org/springframework/cloud/spring-cloud-context/1.3.0.RELEASE/spring-cloud-context-1.3.0.RELEASE.jar:/opt/maven/warehouse/org/springframework/security/spring-security-crypto/4.2.3.RELEASE/spring-security-crypto-4.2.3.RELEASE.jar:/opt/maven/warehouse/org/springframework/cloud/spring-cloud-commons/1.3.0.RELEASE/spring-cloud-commons-1.3.0.RELEASE.jar:/opt/maven/warehouse/org/springframework/security/spring-security-rsa/1.0.3.RELEASE/spring-security-rsa-1.0.3.RELEASE.jar:/opt/maven/warehouse/org/bouncycastle/bcpkix-jdk15on/1.55/bcpkix-jdk15on-1.55.jar:/opt/maven/warehouse/org/bouncycastle/bcprov-jdk15on/1.55/bcprov-jdk15on-1.55.jar:/opt/maven/warehouse/org/springframework/cloud/spring-cloud-netflix-core/1.4.0.RELEASE/spring-cloud-netflix-core-1.4.0.RELEASE.jar:/opt/maven/warehouse/org/springframework/cloud/spring-cloud-netflix-eureka-client/1.4.0.RELEASE/spring-cloud-netflix-eureka-client-1.4.0.RELEASE.jar:/opt/maven/warehouse/com/netflix/eureka/eureka-client/1.7.0/eureka-client-1.7.0.jar:/opt/maven/warehouse/org/codehaus/jettison/jettison/1.3.7/jettison-1.3.7.jar:/opt/maven/warehouse/stax/stax-api/1.0.1/stax-api-1.0.1.jar:/opt/maven/warehouse/com/netflix/netflix-commons/netflix-eventbus/0.3.0/netflix-eventbus-0.3.0.jar:/opt/maven/warehouse/com/netflix/netflix-commons/netflix-infix/0.3.0/netflix-infix-0.3.0.jar:/opt/maven/warehouse/commons-jxpath/commons-jxpath/1.3/commons-jxpath-1.3.jar:/opt/maven/warehouse/joda-time/joda-time/2.9.9/joda-time-2.9.9.jar:/opt/maven/warehouse/org/antlr/antlr-runtime/3.4/antlr-runtime-3.4.jar:/opt/maven/warehouse/org/antlr/stringtemplate/3.2.1/stringtemplate-3.2.1.jar:/opt/maven/warehouse/com/google/code/gson/gson/2.8.2/gson-2.8.2.jar:/opt/maven/warehouse/org/apache/commons/commons-math/2.2/commons-math-2.2.jar:/opt/maven/warehouse/com/netflix/archaius/archaius-core/0.7.4/archaius-core-0.7.4.jar:/opt/maven/warehouse/javax/ws/rs/jsr311-api/1.1.1/jsr311-api-1.1.1.jar:/opt/maven/warehouse/com/netflix/servo/servo-core/0.10.1/servo-core-0.10.1.jar:/opt/maven/warehouse/com/netflix/servo/servo-internal/0.10.1/servo-internal-0.10.1.jar:/opt/maven/warehouse/com/sun/jersey/jersey-core/1.19.1/jersey-core-1.19.1.jar:/opt/maven/warehouse/com/sun/jersey/jersey-client/1.19.1/jersey-client-1.19.1.jar:/opt/maven/warehouse/com/sun/jersey/contribs/jersey-apache-client4/1.19.1/jersey-apache-client4-1.19.1.jar:/opt/maven/warehouse/org/apache/httpcomponents/httpclient/4.5.3/httpclient-4.5.3.jar:/opt/maven/warehouse/org/apache/httpcomponents/httpcore/4.4.8/httpcore-4.4.8.jar:/opt/maven/warehouse/commons-codec/commons-codec/1.10/commons-codec-1.10.jar:/opt/maven/warehouse/com/google/inject/guice/4.1.0/guice-4.1.0.jar:/opt/maven/warehouse/javax/inject/javax.inject/1/javax.inject-1.jar:/opt/maven/warehouse/aopalliance/aopalliance/1.0/aopalliance-1.0.jar:/opt/maven/warehouse/com/netflix/eureka/eureka-core/1.7.0/eureka-core-1.7.0.jar:/opt/maven/warehouse/org/codehaus/woodstox/woodstox-core-asl/4.4.1/woodstox-core-asl-4.4.1.jar:/opt/maven/warehouse/javax/xml/stream/stax-api/1.0-2/stax-api-1.0-2.jar:/opt/maven/warehouse/org/codehaus/woodstox/stax2-api/3.1.4/stax2-api-3.1.4.jar:/opt/maven/warehouse/org/springframework/cloud/spring-cloud-starter-netflix-archaius/1.4.0.RELEASE/spring-cloud-starter-netflix-archaius-1.4.0.RELEASE.jar:/opt/maven/warehouse/commons-configuration/commons-configuration/1.8/commons-configuration-1.8.jar:/opt/maven/warehouse/commons-lang/commons-lang/2.6/commons-lang-2.6.jar:/opt/maven/warehouse/com/google/guava/guava/18.0/guava-18.0.jar:/opt/maven/warehouse/org/springframework/cloud/spring-cloud-starter-netflix-ribbon/1.4.0.RELEASE/spring-cloud-starter-netflix-ribbon-1.4.0.RELEASE.jar:/opt/maven/warehouse/com/netflix/ribbon/ribbon/2.2.4/ribbon-2.2.4.jar:/opt/maven/warehouse/com/netflix/ribbon/ribbon-transport/2.2.4/ribbon-transport-2.2.4.jar:/opt/maven/warehouse/io/reactivex/rxnetty-contexts/0.4.9/rxnetty-contexts-0.4.9.jar:/opt/maven/warehouse/io/reactivex/rxnetty-servo/0.4.9/rxnetty-servo-0.4.9.jar:/opt/maven/warehouse/com/netflix/hystrix/hystrix-core/1.5.12/hystrix-core-1.5.12.jar:/opt/maven/warehouse/org/hdrhistogram/HdrHistogram/2.1.9/HdrHistogram-2.1.9.jar:/opt/maven/warehouse/io/reactivex/rxnetty/0.4.9/rxnetty-0.4.9.jar:/opt/maven/warehouse/io/netty/netty-codec-http/4.0.27.Final/netty-codec-http-4.0.27.Final.jar:/opt/maven/warehouse/io/netty/netty-codec/4.0.27.Final/netty-codec-4.0.27.Final.jar:/opt/maven/warehouse/io/netty/netty-handler/4.0.27.Final/netty-handler-4.0.27.Final.jar:/opt/maven/warehouse/io/netty/netty-transport-native-epoll/4.0.27.Final/netty-transport-native-epoll-4.0.27.Final.jar:/opt/maven/warehouse/io/netty/netty-common/4.0.27.Final/netty-common-4.0.27.Final.jar:/opt/maven/warehouse/io/netty/netty-buffer/4.0.27.Final/netty-buffer-4.0.27.Final.jar:/opt/maven/warehouse/io/netty/netty-transport/4.0.27.Final/netty-transport-4.0.27.Final.jar:/opt/maven/warehouse/com/netflix/ribbon/ribbon-core/2.2.4/ribbon-core-2.2.4.jar:/opt/maven/warehouse/com/netflix/ribbon/ribbon-httpclient/2.2.4/ribbon-httpclient-2.2.4.jar:/opt/maven/warehouse/commons-collections/commons-collections/3.2.2/commons-collections-3.2.2.jar:/opt/maven/warehouse/com/netflix/netflix-commons/netflix-commons-util/0.1.1/netflix-commons-util-0.1.1.jar:/opt/maven/warehouse/com/netflix/ribbon/ribbon-loadbalancer/2.2.4/ribbon-loadbalancer-2.2.4.jar:/opt/maven/warehouse/com/netflix/netflix-commons/netflix-statistics/0.1.1/netflix-statistics-0.1.1.jar:/opt/maven/warehouse/io/reactivex/rxjava/1.2.0/rxjava-1.2.0.jar:/opt/maven/warehouse/com/netflix/ribbon/ribbon-eureka/2.2.4/ribbon-eureka-2.2.4.jar:/opt/maven/warehouse/com/thoughtworks/xstream/xstream/1.4.9/xstream-1.4.9.jar:/opt/maven/warehouse/xmlpull/xmlpull/1.1.3.1/xmlpull-1.1.3.1.jar:/opt/maven/warehouse/xpp3/xpp3_min/1.1.4c/xpp3_min-1.1.4c.jar:, java.vm.vendor=Debian, sun.arch.data.model=64, java.vendor.url=https://tracker.debian.org/openjdk-11, user.timezone=Asia/Shanghai, os.name=Linux, java.vm.specification.version=11, sun.java.launcher=SUN_STANDARD, user.country=CN, sun.boot.library.path=/usr/lib/jvm/java-11-openjdk-amd64/lib, sun.java.command=/root/eclipse-workspace/demo-cloud-user/target/surefire/surefirebooter11416006764910976767.jar /root/eclipse-workspace/demo-cloud-user/target/surefire/surefire2490692127737895500tmp /root/eclipse-workspace/demo-cloud-user/target/surefire/surefire_02203275544771358257tmp, jdk.debug=release, surefire.test.class.path=/root/eclipse-workspace/demo-cloud-user/target/test-classes:/root/eclipse-workspace/demo-cloud-user/target/classes:/opt/maven/warehouse/org/springframework/boot/spring-boot-starter-actuator/1.5.9.RELEASE/spring-boot-starter-actuator-1.5.9.RELEASE.jar:/opt/maven/warehouse/org/springframework/boot/spring-boot-starter/1.5.9.RELEASE/spring-boot-starter-1.5.9.RELEASE.jar:/opt/maven/warehouse/org/springframework/boot/spring-boot/1.5.9.RELEASE/spring-boot-1.5.9.RELEASE.jar:/opt/maven/warehouse/org/springframework/boot/spring-boot-autoconfigure/1.5.9.RELEASE/spring-boot-autoconfigure-1.5.9.RELEASE.jar:/opt/maven/warehouse/org/springframework/boot/spring-boot-starter-logging/1.5.9.RELEASE/spring-boot-starter-logging-1.5.9.RELEASE.jar:/opt/maven/warehouse/ch/qos/logback/logback-classic/1.1.11/logback-classic-1.1.11.jar:/opt/maven/warehouse/ch/qos/logback/logback-core/1.1.11/logback-core-1.1.11.jar:/opt/maven/warehouse/org/slf4j/jul-to-slf4j/1.7.25/jul-to-slf4j-1.7.25.jar:/opt/maven/warehouse/org/slf4j/log4j-over-slf4j/1.7.25/log4j-over-slf4j-1.7.25.jar:/opt/maven/warehouse/org/yaml/snakeyaml/1.17/snakeyaml-1.17.jar:/opt/maven/warehouse/org/springframework/boot/spring-boot-actuator/1.5.9.RELEASE/spring-boot-actuator-1.5.9.RELEASE.jar:/opt/maven/warehouse/org/springframework/spring-context/4.3.13.RELEASE/spring-context-4.3.13.RELEASE.jar:/opt/maven/warehouse/org/springframework/boot/spring-boot-starter-web/1.5.9.RELEASE/spring-boot-starter-web-1.5.9.RELEASE.jar:/opt/maven/warehouse/org/springframework/boot/spring-boot-starter-tomcat/1.5.9.RELEASE/spring-boot-starter-tomcat-1.5.9.RELEASE.jar:/opt/maven/warehouse/org/apache/tomcat/embed/tomcat-embed-core/8.5.23/tomcat-embed-core-8.5.23.jar:/opt/maven/warehouse/org/apache/tomcat/tomcat-annotations-api/8.5.23/tomcat-annotations-api-8.5.23.jar:/opt/maven/warehouse/org/apache/tomcat/embed/tomcat-embed-el/8.5.23/tomcat-embed-el-8.5.23.jar:/opt/maven/warehouse/org/apache/tomcat/embed/tomcat-embed-websocket/8.5.23/tomcat-embed-websocket-8.5.23.jar:/opt/maven/warehouse/org/hibernate/hibernate-validator/5.3.6.Final/hibernate-validator-5.3.6.Final.jar:/opt/maven/warehouse/javax/validation/validation-api/1.1.0.Final/validation-api-1.1.0.Final.jar:/opt/maven/warehouse/org/jboss/logging/jboss-logging/3.3.1.Final/jboss-logging-3.3.1.Final.jar:/opt/maven/warehouse/com/fasterxml/classmate/1.3.4/classmate-1.3.4.jar:/opt/maven/warehouse/com/fasterxml/jackson/core/jackson-databind/2.8.10/jackson-databind-2.8.10.jar:/opt/maven/warehouse/com/fasterxml/jackson/core/jackson-annotations/2.8.0/jackson-annotations-2.8.0.jar:/opt/maven/warehouse/com/fasterxml/jackson/core/jackson-core/2.8.10/jackson-core-2.8.10.jar:/opt/maven/warehouse/org/springframework/spring-web/4.3.13.RELEASE/spring-web-4.3.13.RELEASE.jar:/opt/maven/warehouse/org/springframework/spring-aop/4.3.13.RELEASE/spring-aop-4.3.13.RELEASE.jar:/opt/maven/warehouse/org/springframework/spring-beans/4.3.13.RELEASE/spring-beans-4.3.13.RELEASE.jar:/opt/maven/warehouse/org/springframework/spring-webmvc/4.3.13.RELEASE/spring-webmvc-4.3.13.RELEASE.jar:/opt/maven/warehouse/org/springframework/spring-expression/4.3.13.RELEASE/spring-expression-4.3.13.RELEASE.jar:/opt/maven/warehouse/com/oracle/ojdbc6/11.2/ojdbc6-11.2.jar:/opt/maven/warehouse/org/springframework/boot/spring-boot-starter-data-jpa/1.5.9.RELEASE/spring-boot-starter-data-jpa-1.5.9.RELEASE.jar:/opt/maven/warehouse/org/springframework/boot/spring-boot-starter-aop/1.5.9.RELEASE/spring-boot-starter-aop-1.5.9.RELEASE.jar:/opt/maven/warehouse/org/aspectj/aspectjweaver/1.8.13/aspectjweaver-1.8.13.jar:/opt/maven/warehouse/org/springframework/boot/spring-boot-starter-jdbc/1.5.9.RELEASE/spring-boot-starter-jdbc-1.5.9.RELEASE.jar:/opt/maven/warehouse/org/apache/tomcat/tomcat-jdbc/8.5.23/tomcat-jdbc-8.5.23.jar:/opt/maven/warehouse/org/apache/tomcat/tomcat-juli/8.5.23/tomcat-juli-8.5.23.jar:/opt/maven/warehouse/org/springframework/spring-jdbc/4.3.13.RELEASE/spring-jdbc-4.3.13.RELEASE.jar:/opt/maven/warehouse/org/hibernate/hibernate-core/5.0.12.Final/hibernate-core-5.0.12.Final.jar:/opt/maven/warehouse/org/hibernate/javax/persistence/hibernate-jpa-2.1-api/1.0.0.Final/hibernate-jpa-2.1-api-1.0.0.Final.jar:/opt/maven/warehouse/org/javassist/javassist/3.21.0-GA/javassist-3.21.0-GA.jar:/opt/maven/warehouse/antlr/antlr/2.7.7/antlr-2.7.7.jar:/opt/maven/warehouse/org/jboss/jandex/2.0.0.Final/jandex-2.0.0.Final.jar:/opt/maven/warehouse/dom4j/dom4j/1.6.1/dom4j-1.6.1.jar:/opt/maven/warehouse/org/hibernate/common/hib
[...]
	...]
2019-08-18 00:40:48.142  INFO 30201 --- [           main] org.hibernate.Version                    : HHH000412: Hibernate Core {5.0.12.Final}
2019-08-18 00:40:48.143  INFO 30201 --- [           main] org.hibernate.cfg.Environment            : HHH000206: hibernate.properties not found
2019-08-18 00:40:48.144  INFO 30201 --- [           main] org.hibernate.cfg.Environment            : HHH000021: Bytecode provider name : javassist
2019-08-18 00:40:48.157  WARN 30201 --- [           main] o.s.w.c.s.GenericWebApplicationContext   : Exception encountered during context initialization - cancelling refresh attempt: org.springframework.beans.factory.BeanCreationException: Error creating bean with name 'entityManagerFactory' defined in class path resource [org/springframework/boot/autoconfigure/orm/jpa/HibernateJpaAutoConfiguration.class]: Invocation of init method failed; nested exception is java.lang.NoClassDefFoundError: javax/xml/bind/JAXBException
2019-08-18 00:40:48.192  INFO 30201 --- [           main] utoConfigurationReportLoggingInitializer : 

Error starting ApplicationContext. To display the auto-configuration report re-run your application with 'debug' enabled.
2019-08-18 00:40:48.202 ERROR 30201 --- [           main] o.s.boot.SpringApplication               : Application startup failed

org.springframework.beans.factory.BeanCreationException: Error creating bean with name 'entityManagerFactory' defined in class path resource [org/springframework/boot/autoconfigure/orm/jpa/HibernateJpaAutoConfiguration.class]: Invocation of init method failed; nested exception is java.lang.NoClassDefFoundError: javax/xml/bind/JAXBException
	at org.springframework.beans.factory.support.AbstractAutowireCapableBeanFactory.initializeBean(AbstractAutowireCapableBeanFactory.java:1628) ~[spring-beans-4.3.13.RELEASE.jar:4.3.13.RELEASE]
	at org.springframework.beans.factory.support.AbstractAutowireCapableBeanFactory.doCreateBean(AbstractAutowireCapableBeanFactory.java:555) ~[spring-beans-4.3.13.RELEASE.jar:4.3.13.RELEASE]
	at org.springframework.beans.factory.support.AbstractAutowireCapableBeanFactory.createBean(AbstractAutowireCapableBeanFactory.java:483) ~[spring-beans-4.3.13.RELEASE.jar:4.3.13.RELEASE]
	at org.springframework.beans.factory.support.AbstractBeanFactory$1.getObject(AbstractBeanFactory.java:306) ~[spring-beans-4.3.13.RELEASE.jar:4.3.13.RELEASE]
	at org.springframework.beans.factory.support.DefaultSingletonBeanRegistry.getSingleton(DefaultSingletonBeanRegistry.java:230) ~[spring-beans-4.3.13.RELEASE.jar:4.3.13.RELEASE]
	at org.springframework.beans.factory.support.AbstractBeanFactory.doGetBean(AbstractBeanFactory.java:302) ~[spring-beans-4.3.13.RELEASE.jar:4.3.13.RELEASE]
	at org.springframework.beans.factory.support.AbstractBeanFactory.getBean(AbstractBeanFactory.java:197) ~[spring-beans-4.3.13.RELEASE.jar:4.3.13.RELEASE]
	at org.springframework.context.support.AbstractApplicationContext.getBean(AbstractApplicationContext.java:1080) ~[spring-context-4.3.13.RELEASE.jar:4.3.13.RELEASE]
	at org.springframework.context.support.AbstractApplicationContext.finishBeanFactoryInitialization(AbstractApplicationContext.java:857) ~[spring-context-4.3.13.RELEASE.jar:4.3.13.RELEASE]
	at org.springframework.context.support.AbstractApplicationContext.refresh(AbstractApplicationContext.java:543) ~[spring-context-4.3.13.RELEASE.jar:4.3.13.RELEASE]
	at org.springframework.boot.SpringApplication.refresh(SpringApplication.java:693) ~[spring-boot-1.5.9.RELEASE.jar:1.5.9.RELEASE]
	at org.springframework.boot.SpringApplication.refreshContext(SpringApplication.java:360) ~[spring-boot-1.5.9.RELEASE.jar:1.5.9.RELEASE]
	at org.springframework.boot.SpringApplication.run(SpringApplication.java:303) ~[spring-boot-1.5.9.RELEASE.jar:1.5.9.RELEASE]
	at org.springframework.boot.test.context.SpringBootContextLoader.loadContext(SpringBootContextLoader.java:120) ~[spring-boot-test-1.5.9.RELEASE.jar:1.5.9.RELEASE]
	at org.springframework.test.context.cache.DefaultCacheAwareContextLoaderDelegate.loadContextInternal(DefaultCacheAwareContextLoaderDelegate.java:98) ~[spring-test-4.3.13.RELEASE.jar:4.3.13.RELEASE]
	at org.springframework.test.context.cache.DefaultCacheAwareContextLoaderDelegate.loadContext(DefaultCacheAwareContextLoaderDelegate.java:116) ~[spring-test-4.3.13.RELEASE.jar:4.3.13.RELEASE]
	at org.springframework.test.context.support.DefaultTestContext.getApplicationContext(DefaultTestContext.java:83) ~[spring-test-4.3.13.RELEASE.jar:4.3.13.RELEASE]
	at org.springframework.test.context.web.ServletTestExecutionListener.setUpRequestContextIfNecessary(ServletTestExecutionListener.java:189) ~[spring-test-4.3.13.RELEASE.jar:4.3.13.RELEASE]
	at org.springframework.test.context.web.ServletTestExecutionListener.prepareTestInstance(ServletTestExecutionListener.java:131) ~[spring-test-4.3.13.RELEASE.jar:4.3.13.RELEASE]
	at org.springframework.test.context.TestContextManager.prepareTestInstance(TestContextManager.java:230) ~[spring-test-4.3.13.RELEASE.jar:4.3.13.RELEASE]
	at org.springframework.test.context.junit4.SpringJUnit4ClassRunner.createTest(SpringJUnit4ClassRunner.java:228) ~[spring-test-4.3.13.RELEASE.jar:4.3.13.RELEASE]
	at org.springframework.test.context.junit4.SpringJUnit4ClassRunner$1.runReflectiveCall(SpringJUnit4ClassRunner.java:287) ~[spring-test-4.3.13.RELEASE.jar:4.3.13.RELEASE]
	at org.junit.internal.runners.model.ReflectiveCallable.run(ReflectiveCallable.java:12) ~[junit-4.12.jar:4.12]
	at org.springframework.test.context.junit4.SpringJUnit4ClassRunner.methodBlock(SpringJUnit4ClassRunner.java:289) ~[spring-test-4.3.13.RELEASE.jar:4.3.13.RELEASE]
	at org.springframework.test.context.junit4.SpringJUnit4ClassRunner.runChild(SpringJUnit4ClassRunner.java:247) ~[spring-test-4.3.13.RELEASE.jar:4.3.13.RELEASE]
	at org.springframework.test.context.junit4.SpringJUnit4ClassRunner.runChild(SpringJUnit4ClassRunner.java:94) ~[spring-test-4.3.13.RELEASE.jar:4.3.13.RELEASE]
	at org.junit.runners.ParentRunner$3.run(ParentRunner.java:290) ~[junit-4.12.jar:4.12]
	at org.junit.runners.ParentRunner$1.schedule(ParentRunner.java:71) ~[junit-4.12.jar:4.12]
	at org.junit.runners.ParentRunner.runChildren(ParentRunner.java:288) ~[junit-4.12.jar:4.12]
	at org.junit.runners.ParentRunner.access$000(ParentRunner.java:58) ~[junit-4.12.jar:4.12]
	at org.junit.runners.ParentRunner$2.evaluate(ParentRunner.java:268) ~[junit-4.12.jar:4.12]
	at org.springframework.test.context.junit4.statements.RunBeforeTestClassCallbacks.evaluate(RunBeforeTestClassCallbacks.java:61) ~[spring-test-4.3.13.RELEASE.jar:4.3.13.RELEASE]
	at org.springframework.test.context.junit4.statements.RunAfterTestClassCallbacks.evaluate(RunAfterTestClassCallbacks.java:70) ~[spring-test-4.3.13.RELEASE.jar:4.3.13.RELEASE]
	at org.junit.runners.ParentRunner.run(ParentRunner.java:363) ~[junit-4.12.jar:4.12]
	at org.springframework.test.context.junit4.SpringJUnit4ClassRunner.run(SpringJUnit4ClassRunner.java:191) ~[spring-test-4.3.13.RELEASE.jar:4.3.13.RELEASE]
	at org.apache.maven.surefire.junit4.JUnit4Provider.execute(JUnit4Provider.java:283) ~[surefire-junit4-2.18.1.jar:2.18.1]
	at org.apache.maven.surefire.junit4.JUnit4Provider.executeWithRerun(JUnit4Provider.java:173) ~[surefire-junit4-2.18.1.jar:2.18.1]
	at org.apache.maven.surefire.junit4.JUnit4Provider.executeTestSet(JUnit4Provider.java:153) ~[surefire-junit4-2.18.1.jar:2.18.1]
	at org.apache.maven.surefire.junit4.JUnit4Provider.invoke(JUnit4Provider.java:128) ~[surefire-junit4-2.18.1.jar:2.18.1]
	at org.apache.maven.surefire.booter.ForkedBooter.invokeProviderInSameClassLoader(ForkedBooter.java:203) ~[surefire-booter-2.18.1.jar:2.18.1]
	at org.apache.maven.surefire.booter.ForkedBooter.runSuitesInProcess(ForkedBooter.java:155) ~[surefire-booter-2.18.1.jar:2.18.1]
	at org.apache.maven.surefire.booter.ForkedBooter.main(ForkedBooter.java:103) ~[surefire-booter-2.18.1.jar:2.18.1]
Caused by: java.lang.NoClassDefFoundError: javax/xml/bind/JAXBException
	at org.hibernate.boot.spi.XmlMappingBinderAccess.<init>(XmlMappingBinderAccess.java:43) ~[hibernate-core-5.0.12.Final.jar:5.0.12.Final]
	at org.hibernate.boot.MetadataSources.<init>(MetadataSources.java:87) ~[hibernate-core-5.0.12.Final.jar:5.0.12.Final]
	at org.hibernate.jpa.boot.internal.EntityManagerFactoryBuilderImpl.<init>(EntityManagerFactoryBuilderImpl.java:179) ~[hibernate-entitymanager-5.0.12.Final.jar:5.0.12.Final]
	at org.hibernate.jpa.boot.internal.EntityManagerFactoryBuilderImpl.<init>(EntityManagerFactoryBuilderImpl.java:149) ~[hibernate-entitymanager-5.0.12.Final.jar:5.0.12.Final]
	at org.springframework.orm.jpa.vendor.SpringHibernateJpaPersistenceProvider.createContainerEntityManagerFactory(SpringHibernateJpaPersistenceProvider.java:54) ~[spring-orm-4.3.13.RELEASE.jar:4.3.13.RELEASE]
	at org.springframework.orm.jpa.LocalContainerEntityManagerFactoryBean.createNativeEntityManagerFactory(LocalContainerEntityManagerFactoryBean.java:360) ~[spring-orm-4.3.13.RELEASE.jar:4.3.13.RELEASE]
	at org.springframework.orm.jpa.AbstractEntityManagerFactoryBean.buildNativeEntityManagerFactory(AbstractEntityManagerFactoryBean.java:382) ~[spring-orm-4.3.13.RELEASE.jar:4.3.13.RELEASE]
	at org.springframework.orm.jpa.AbstractEntityManagerFactoryBean.afterPropertiesSet(AbstractEntityManagerFactoryBean.java:371) ~[spring-orm-4.3.13.RELEASE.jar:4.3.13.RELEASE]
	at org.springframework.orm.jpa.LocalContainerEntityManagerFactoryBean.afterPropertiesSet(LocalContainerEntityManagerFactoryBean.java:336) ~[spring-orm-4.3.13.RELEASE.jar:4.3.13.RELEASE]
	at org.springframework.beans.factory.support.AbstractAutowireCapableBeanFactory.invokeInitMethods(AbstractAutowireCapableBeanFactory.java:1687) ~[spring-beans-4.3.13.RELEASE.jar:4.3.13.RELEASE]
	at org.springframework.beans.factory.support.AbstractAutowireCapableBeanFactory.initializeBean(AbstractAutowireCapableBeanFactory.java:1624) ~[spring-beans-4.3.13.RELEASE.jar:4.3.13.RELEASE]
	... 41 common frames omitted
Caused by: java.lang.ClassNotFoundException: javax.xml.bind.JAXBException
	at java.base/jdk.internal.loader.BuiltinClassLoader.loadClass(BuiltinClassLoader.java:583) ~[na:na]
	at java.base/jdk.internal.loader.ClassLoaders$AppClassLoader.loadClass(ClassLoaders.java:178) ~[na:na]
	at java.base/java.lang.ClassLoader.loadClass(ClassLoader.java:521) ~[na:na]
	... 52 common frames omitted

2019-08-18 00:40:48.205 ERROR 30201 --- [           main] o.s.test.context.TestContextManager      : Caught exception while allowing TestExecutionListener [org.springframework.test.context.web.ServletTestExecutionListener@1329eff] to prepare test instance [com.example.demo.DemoCloudUserApplicationTests@6d420cdd]

java.lang.IllegalStateException: Failed to load ApplicationContext
	at org.springframework.test.context.cache.DefaultCacheAwareContextLoaderDelegate.loadContext(DefaultCacheAwareContextLoaderDelegate.java:124) ~[spring-test-4.3.13.RELEASE.jar:4.3.13.RELEASE]
	at org.springframework.test.context.support.DefaultTestContext.getApplicationContext(DefaultTestContext.java:83) ~[spring-test-4.3.13.RELEASE.jar:4.3.13.RELEASE]
	at org.springframework.test.context.web.ServletTestExecutionListener.setUpRequestContextIfNecessary(ServletTestExecutionListener.java:189) ~[spring-test-4.3.13.RELEASE.jar:4.3.13.RELEASE]
	at org.springframework.test.context.web.ServletTestExecutionListener.prepareTestInstance(ServletTestExecutionListener.java:131) ~[spring-test-4.3.13.RELEASE.jar:4.3.13.RELEASE]
	at org.springframework.test.context.TestContextManager.prepareTestInstance(TestContextManager.java:230) ~[spring-test-4.3.13.RELEASE.jar:4.3.13.RELEASE]
	at org.springframework.test.context.junit4.SpringJUnit4ClassRunner.createTest(SpringJUnit4ClassRunner.java:228) ~[spring-test-4.3.13.RELEASE.jar:4.3.13.RELEASE]
	at org.springframework.test.context.junit4.SpringJUnit4ClassRunner$1.runReflectiveCall(SpringJUnit4ClassRunner.java:287) ~[spring-test-4.3.13.RELEASE.jar:4.3.13.RELEASE]
	at org.junit.internal.runners.model.ReflectiveCallable.run(ReflectiveCallable.java:12) ~[junit-4.12.jar:4.12]
	at org.springframework.test.context.junit4.SpringJUnit4ClassRunner.methodBlock(SpringJUnit4ClassRunner.java:289) ~[spring-test-4.3.13.RELEASE.jar:4.3.13.RELEASE]
	at org.springframework.test.context.junit4.SpringJUnit4ClassRunner.runChild(SpringJUnit4ClassRunner.java:247) ~[spring-test-4.3.13.RELEASE.jar:4.3.13.RELEASE]
	at org.springframework.test.context.junit4.SpringJUnit4ClassRunner.runChild(SpringJUnit4ClassRunner.java:94) ~[spring-test-4.3.13.RELEASE.jar:4.3.13.RELEASE]
	at org.junit.runners.ParentRunner$3.run(ParentRunner.java:290) ~[junit-4.12.jar:4.12]
	at org.junit.runners.ParentRunner$1.schedule(ParentRunner.java:71) ~[junit-4.12.jar:4.12]
	at org.junit.runners.ParentRunner.runChildren(ParentRunner.java:288) ~[junit-4.12.jar:4.12]
	at org.junit.runners.ParentRunner.access$000(ParentRunner.java:58) ~[junit-4.12.jar:4.12]
	at org.junit.runners.ParentRunner$2.evaluate(ParentRunner.java:268) ~[junit-4.12.jar:4.12]
	at org.springframework.test.context.junit4.statements.RunBeforeTestClassCallbacks.evaluate(RunBeforeTestClassCallbacks.java:61) ~[spring-test-4.3.13.RELEASE.jar:4.3.13.RELEASE]
	at org.springframework.test.context.junit4.statements.RunAfterTestClassCallbacks.evaluate(RunAfterTestClassCallbacks.java:70) ~[spring-test-4.3.13.RELEASE.jar:4.3.13.RELEASE]
	at org.junit.runners.ParentRunner.run(ParentRunner.java:363) ~[junit-4.12.jar:4.12]
	at org.springframework.test.context.junit4.SpringJUnit4ClassRunner.run(SpringJUnit4ClassRunner.java:191) ~[spring-test-4.3.13.RELEASE.jar:4.3.13.RELEASE]
	at org.apache.maven.surefire.junit4.JUnit4Provider.execute(JUnit4Provider.java:283) ~[surefire-junit4-2.18.1.jar:2.18.1]
	at org.apache.maven.surefire.junit4.JUnit4Provider.executeWithRerun(JUnit4Provider.java:173) ~[surefire-junit4-2.18.1.jar:2.18.1]
	at org.apache.maven.surefire.junit4.JUnit4Provider.executeTestSet(JUnit4Provider.java:153) ~[surefire-junit4-2.18.1.jar:2.18.1]
	at org.apache.maven.surefire.junit4.JUnit4Provider.invoke(JUnit4Provider.java:128) ~[surefire-junit4-2.18.1.jar:2.18.1]
	at org.apache.maven.surefire.booter.ForkedBooter.invokeProviderInSameClassLoader(ForkedBooter.java:203) ~[surefire-booter-2.18.1.jar:2.18.1]
	at org.apache.maven.surefire.booter.ForkedBooter.runSuitesInProcess(ForkedBooter.java:155) ~[surefire-booter-2.18.1.jar:2.18.1]
	at org.apache.maven.surefire.booter.ForkedBooter.main(ForkedBooter.java:103) ~[surefire-booter-2.18.1.jar:2.18.1]
Caused by: org.springframework.beans.factory.BeanCreationException: Error creating bean with name 'entityManagerFactory' defined in class path resource [org/springframework/boot/autoconfigure/orm/jpa/HibernateJpaAutoConfiguration.class]: Invocation of init method failed; nested exception is java.lang.NoClassDefFoundError: javax/xml/bind/JAXBException
	at org.springframework.beans.factory.support.AbstractAutowireCapableBeanFactory.initializeBean(AbstractAutowireCapableBeanFactory.java:1628) ~[spring-beans-4.3.13.RELEASE.jar:4.3.13.RELEASE]
	at org.springframework.beans.factory.support.AbstractAutowireCapableBeanFactory.doCreateBean(AbstractAutowireCapableBeanFactory.java:555) ~[spring-beans-4.3.13.RELEASE.jar:4.3.13.RELEASE]
	at org.springframework.beans.factory.support.AbstractAutowireCapableBeanFactory.createBean(AbstractAutowireCapableBeanFactory.java:483) ~[spring-beans-4.3.13.RELEASE.jar:4.3.13.RELEASE]
	at org.springframework.beans.factory.support.AbstractBeanFactory$1.getObject(AbstractBeanFactory.java:306) ~[spring-beans-4.3.13.RELEASE.jar:4.3.13.RELEASE]
	at org.springframework.beans.factory.support.DefaultSingletonBeanRegistry.getSingleton(DefaultSingletonBeanRegistry.java:230) ~[spring-beans-4.3.13.RELEASE.jar:4.3.13.RELEASE]
	at org.springframework.beans.factory.support.AbstractBeanFactory.doGetBean(AbstractBeanFactory.java:302) ~[spring-beans-4.3.13.RELEASE.jar:4.3.13.RELEASE]
	at org.springframework.beans.factory.support.AbstractBeanFactory.getBean(AbstractBeanFactory.java:197) ~[spring-beans-4.3.13.RELEASE.jar:4.3.13.RELEASE]
	at org.springframework.context.support.AbstractApplicationContext.getBean(AbstractApplicationContext.java:1080) ~[spring-context-4.3.13.RELEASE.jar:4.3.13.RELEASE]
	at org.springframework.context.support.AbstractApplicationContext.finishBeanFactoryInitialization(AbstractApplicationContext.java:857) ~[spring-context-4.3.13.RELEASE.jar:4.3.13.RELEASE]
	at org.springframework.context.support.AbstractApplicationContext.refresh(AbstractApplicationContext.java:543) ~[spring-context-4.3.13.RELEASE.jar:4.3.13.RELEASE]
	at org.springframework.boot.SpringApplication.refresh(SpringApplication.java:693) ~[spring-boot-1.5.9.RELEASE.jar:1.5.9.RELEASE]
	at org.springframework.boot.SpringApplication.refreshContext(SpringApplication.java:360) ~[spring-boot-1.5.9.RELEASE.jar:1.5.9.RELEASE]
	at org.springframework.boot.SpringApplication.run(SpringApplication.java:303) ~[spring-boot-1.5.9.RELEASE.jar:1.5.9.RELEASE]
	at org.springframework.boot.test.context.SpringBootContextLoader.loadContext(SpringBootContextLoader.java:120) ~[spring-boot-test-1.5.9.RELEASE.jar:1.5.9.RELEASE]
	at org.springframework.test.context.cache.DefaultCacheAwareContextLoaderDelegate.loadContextInternal(DefaultCacheAwareContextLoaderDelegate.java:98) ~[spring-test-4.3.13.RELEASE.jar:4.3.13.RELEASE]
	at org.springframework.test.context.cache.DefaultCacheAwareContextLoaderDelegate.loadContext(DefaultCacheAwareContextLoaderDelegate.java:116) ~[spring-test-4.3.13.RELEASE.jar:4.3.13.RELEASE]
	... 26 common frames omitted
Caused by: java.lang.NoClassDefFoundError: javax/xml/bind/JAXBException
	at org.hibernate.boot.spi.XmlMappingBinderAccess.<init>(XmlMappingBinderAccess.java:43) ~[hibernate-core-5.0.12.Final.jar:5.0.12.Final]
	at org.hibernate.boot.MetadataSources.<init>(MetadataSources.java:87) ~[hibernate-core-5.0.12.Final.jar:5.0.12.Final]
	at org.hibernate.jpa.boot.internal.EntityManagerFactoryBuilderImpl.<init>(EntityManagerFactoryBuilderImpl.java:179) ~[hibernate-entitymanager-5.0.12.Final.jar:5.0.12.Final]
	at org.hibernate.jpa.boot.internal.EntityManagerFactoryBuilderImpl.<init>(EntityManagerFactoryBuilderImpl.java:149) ~[hibernate-entitymanager-5.0.12.Final.jar:5.0.12.Final]
	at org.springframework.orm.jpa.vendor.SpringHibernateJpaPersistenceProvider.createContainerEntityManagerFactory(SpringHibernateJpaPersistenceProvider.java:54) ~[spring-orm-4.3.13.RELEASE.jar:4.3.13.RELEASE]
	at org.springframework.orm.jpa.LocalContainerEntityManagerFactoryBean.createNativeEntityManagerFactory(LocalContainerEntityManagerFactoryBean.java:360) ~[spring-orm-4.3.13.RELEASE.jar:4.3.13.RELEASE]
	at org.springframework.orm.jpa.AbstractEntityManagerFactoryBean.buildNativeEntityManagerFactory(AbstractEntityManagerFactoryBean.java:382) ~[spring-orm-4.3.13.RELEASE.jar:4.3.13.RELEASE]
	at org.springframework.orm.jpa.AbstractEntityManagerFactoryBean.afterPropertiesSet(AbstractEntityManagerFactoryBean.java:371) ~[spring-orm-4.3.13.RELEASE.jar:4.3.13.RELEASE]
	at org.springframework.orm.jpa.LocalContainerEntityManagerFactoryBean.afterPropertiesSet(LocalContainerEntityManagerFactoryBean.java:336) ~[spring-orm-4.3.13.RELEASE.jar:4.3.13.RELEASE]
	at org.springframework.beans.factory.support.AbstractAutowireCapableBeanFactory.invokeInitMethods(AbstractAutowireCapableBeanFactory.java:1687) ~[spring-beans-4.3.13.RELEASE.jar:4.3.13.RELEASE]
	at org.springframework.beans.factory.support.AbstractAutowireCapableBeanFactory.initializeBean(AbstractAutowireCapableBeanFactory.java:1624) ~[spring-beans-4.3.13.RELEASE.jar:4.3.13.RELEASE]
	... 41 common frames omitted
Caused by: java.lang.ClassNotFoundException: javax.xml.bind.JAXBException
	at java.base/jdk.internal.loader.BuiltinClassLoader.loadClass(BuiltinClassLoader.java:583) ~[na:na]
	at java.base/jdk.internal.loader.ClassLoaders$AppClassLoader.loadClass(ClassLoaders.java:178) ~[na:na]
	at java.base/java.lang.ClassLoader.loadClass(ClassLoader.java:521) ~[na:na]
	... 52 common frames omitted

]]></system-out>
  </testcase>
</testsuite>